<?xml version="1.0" encoding="UTF-8"?>
<robot generator="Robot 4.1.1 (Python 3.7.4 on win32)" generated="20210920 17:56:31.006" rpa="false" schemaversion="2">
<suite id="s1" name="RobotDemo1" source="C:\Users\Shubham\PycharmProjects\RobotDemo1">
<suite id="s1-s1" name="MyFirstTestSuite" source="C:\Users\Shubham\PycharmProjects\RobotDemo1\MyFirstTestSuite.robot">
<test id="s1-s1-t1" name="firstFile.robot">
<kw name="Log To Console" library="BuiltIn">
<arg>This is my first working test case</arg>
<doc>Logs the given message to the console.</doc>
<status status="PASS" starttime="20210920 17:56:32.347" endtime="20210920 17:56:32.347"/>
</kw>
<kw name="Open Browser" library="SeleniumLibrary">
<arg>${url}</arg>
<arg>Chrome</arg>
<doc>Opens a new browser instance to the optional ``url``.</doc>
<msg timestamp="20210920 17:56:32.347" level="INFO">Opening browser 'Chrome' to base url 'https://opensource-demo.orangehrmlive.com/'.</msg>
<kw name="Capture Page Screenshot" library="SeleniumLibrary">
<doc>Takes a screenshot of the current page and embeds it into a log file.</doc>
<msg timestamp="20210920 17:56:38.563" level="INFO">Cannot capture screenshot because no browser is open.</msg>
<status status="PASS" starttime="20210920 17:56:38.563" endtime="20210920 17:56:38.563"/>
</kw>
<msg timestamp="20210920 17:56:38.579" level="FAIL">WebDriverException: Message: unknown error: Chrome failed to start: exited normally.
  (unknown error: DevToolsActivePort file doesn't exist)
  (The process started from chrome location C:\Program Files (x86)\Google\Chrome\Application\chrome.exe is no longer running, so ChromeDriver is assuming that Chrome has crashed.)
</msg>
<status status="FAIL" starttime="20210920 17:56:32.347" endtime="20210920 17:56:38.579"/>
</kw>
<kw name="Maximize Browser Window" library="SeleniumLibrary">
<doc>Maximizes current browser window.</doc>
<status status="NOT RUN" starttime="20210920 17:56:38.594" endtime="20210920 17:56:38.594"/>
</kw>
<kw name="Sleep" library="BuiltIn">
<arg>10 seconds</arg>
<doc>Pauses the test executed for the given time.</doc>
<status status="NOT RUN" starttime="20210920 17:56:38.594" endtime="20210920 17:56:38.594"/>
</kw>
<kw name="Close Browser" library="SeleniumLibrary">
<doc>Closes the current browser.</doc>
<status status="NOT RUN" starttime="20210920 17:56:38.594" endtime="20210920 17:56:38.594"/>
</kw>
<status status="FAIL" starttime="20210920 17:56:32.347" endtime="20210920 17:56:38.610">WebDriverException: Message: unknown error: Chrome failed to start: exited normally.
  (unknown error: DevToolsActivePort file doesn't exist)
  (The process started from chrome location C:\Program Files (x86)\Google\Chrome\Application\chrome.exe is no longer running, so ChromeDriver is assuming that Chrome has crashed.)
</status>
</test>
<test id="s1-s1-t2" name="SecondRobot">
<kw name="Log To Console" library="BuiltIn">
<arg>Starting Orange HRM website</arg>
<doc>Logs the given message to the console.</doc>
<status status="PASS" starttime="20210920 17:56:38.626" endtime="20210920 17:56:38.626"/>
</kw>
<kw name="Open Browser" library="SeleniumLibrary">
<arg>${url}</arg>
<arg>Chrome</arg>
<doc>Opens a new browser instance to the optional ``url``.</doc>
<msg timestamp="20210920 17:56:38.626" level="INFO">Opening browser 'Chrome' to base url 'https://opensource-demo.orangehrmlive.com/'.</msg>
<kw name="Capture Page Screenshot" library="SeleniumLibrary">
<doc>Takes a screenshot of the current page and embeds it into a log file.</doc>
<msg timestamp="20210920 17:56:42.845" level="INFO">Cannot capture screenshot because no browser is open.</msg>
<status status="PASS" starttime="20210920 17:56:42.845" endtime="20210920 17:56:42.845"/>
</kw>
<msg timestamp="20210920 17:56:42.845" level="FAIL">SessionNotCreatedException: Message: session not created: This version of ChromeDriver only supports Chrome version 86
Current browser version is 93.0.4577.82 with binary path C:\Program Files (x86)\Google\Chrome\Application\chrome.exe
</msg>
<status status="FAIL" starttime="20210920 17:56:38.626" endtime="20210920 17:56:42.845"/>
</kw>
<kw name="Maximize Browser Window" library="SeleniumLibrary">
<doc>Maximizes current browser window.</doc>
<status status="NOT RUN" starttime="20210920 17:56:42.845" endtime="20210920 17:56:42.845"/>
</kw>
<kw name="Login" library="LoginResources">
<status status="NOT RUN" starttime="20210920 17:56:42.845" endtime="20210920 17:56:42.845"/>
</kw>
<kw name="Sleep" library="BuiltIn">
<arg>10 seconds</arg>
<doc>Pauses the test executed for the given time.</doc>
<status status="NOT RUN" starttime="20210920 17:56:42.845" endtime="20210920 17:56:42.845"/>
</kw>
<kw name="Log To Console" library="BuiltIn">
<arg>Title Should Be</arg>
<arg>OrangeHRM</arg>
<doc>Logs the given message to the console.</doc>
<status status="NOT RUN" starttime="20210920 17:56:42.845" endtime="20210920 17:56:42.845"/>
</kw>
<kw name="Close Browser" library="SeleniumLibrary">
<doc>Closes the current browser.</doc>
<status status="NOT RUN" starttime="20210920 17:56:42.845" endtime="20210920 17:56:42.845"/>
</kw>
<status status="FAIL" starttime="20210920 17:56:38.610" endtime="20210920 17:56:42.845">SessionNotCreatedException: Message: session not created: This version of ChromeDriver only supports Chrome version 86
Current browser version is 93.0.4577.82 with binary path C:\Program Files (x86)\Google\Chrome\Application\chrome.exe
</status>
</test>
<test id="s1-s1-t3" name="ThirdRobot.robot">
<kw name="Log To Console" library="BuiltIn">
<arg>Started 3rd Test</arg>
<doc>Logs the given message to the console.</doc>
<status status="PASS" starttime="20210920 17:56:42.876" endtime="20210920 17:56:42.876"/>
</kw>
<kw name="Open Browser" library="SeleniumLibrary">
<arg>${url}</arg>
<arg>chrome</arg>
<doc>Opens a new browser instance to the optional ``url``.</doc>
<msg timestamp="20210920 17:56:42.876" level="INFO">Opening browser 'chrome' to base url 'https://opensource-demo.orangehrmlive.com/'.</msg>
<kw name="Capture Page Screenshot" library="SeleniumLibrary">
<doc>Takes a screenshot of the current page and embeds it into a log file.</doc>
<msg timestamp="20210920 17:56:47.081" level="INFO">Cannot capture screenshot because no browser is open.</msg>
<status status="PASS" starttime="20210920 17:56:47.081" endtime="20210920 17:56:47.081"/>
</kw>
<msg timestamp="20210920 17:56:47.081" level="FAIL">SessionNotCreatedException: Message: session not created: This version of ChromeDriver only supports Chrome version 86
Current browser version is 93.0.4577.82 with binary path C:\Program Files (x86)\Google\Chrome\Application\chrome.exe
</msg>
<status status="FAIL" starttime="20210920 17:56:42.876" endtime="20210920 17:56:47.081"/>
</kw>
<kw name="Login" library="LoginResources">
<status status="NOT RUN" starttime="20210920 17:56:47.081" endtime="20210920 17:56:47.081"/>
</kw>
<kw name="Maximize Browser Window" library="SeleniumLibrary">
<doc>Maximizes current browser window.</doc>
<status status="NOT RUN" starttime="20210920 17:56:47.081" endtime="20210920 17:56:47.081"/>
</kw>
<kw name="Sleep" library="BuiltIn">
<arg>10 seconds</arg>
<doc>Pauses the test executed for the given time.</doc>
<status status="NOT RUN" starttime="20210920 17:56:47.081" endtime="20210920 17:56:47.081"/>
</kw>
<kw name="Close Browser" library="SeleniumLibrary">
<doc>Closes the current browser.</doc>
<status status="NOT RUN" starttime="20210920 17:56:47.081" endtime="20210920 17:56:47.081"/>
</kw>
<kw name="Log To Console" library="BuiltIn">
<arg>3rd test Ran successfully and Logs file saved successfully</arg>
<doc>Logs the given message to the console.</doc>
<status status="NOT RUN" starttime="20210920 17:56:47.081" endtime="20210920 17:56:47.081"/>
</kw>
<status status="FAIL" starttime="20210920 17:56:42.876" endtime="20210920 17:56:47.081">SessionNotCreatedException: Message: session not created: This version of ChromeDriver only supports Chrome version 86
Current browser version is 93.0.4577.82 with binary path C:\Program Files (x86)\Google\Chrome\Application\chrome.exe
</status>
</test>
<test id="s1-s1-t4" name="JsonData.robot">
<for flavor="IN">
<var>${username}</var>
<value>@{user}</value>
<iter>
<var name="${username}">access_user</var>
<for flavor="IN">
<var>${password}</var>
<value>@{password}</value>
<iter>
<var name="${password}">access_key</var>
<kw name="Log To Console" library="BuiltIn">
<arg>Testing Json robot Framework Demo with different usernames and password</arg>
<doc>Logs the given message to the console.</doc>
<status status="PASS" starttime="20210920 17:56:47.081" endtime="20210920 17:56:47.081"/>
</kw>
<kw name="Open Browser" library="SeleniumLibrary">
<arg>${url}</arg>
<arg>Chrome</arg>
<doc>Opens a new browser instance to the optional ``url``.</doc>
<msg timestamp="20210920 17:56:47.081" level="INFO">Opening browser 'Chrome' to base url 'https://opensource-demo.orangehrmlive.com/'.</msg>
<kw name="Capture Page Screenshot" library="SeleniumLibrary">
<doc>Takes a screenshot of the current page and embeds it into a log file.</doc>
<msg timestamp="20210920 17:56:50.856" level="INFO">Cannot capture screenshot because no browser is open.</msg>
<status status="PASS" starttime="20210920 17:56:50.856" endtime="20210920 17:56:50.856"/>
</kw>
<msg timestamp="20210920 17:56:50.856" level="FAIL">SessionNotCreatedException: Message: session not created: This version of ChromeDriver only supports Chrome version 86
Current browser version is 93.0.4577.82 with binary path C:\Program Files (x86)\Google\Chrome\Application\chrome.exe
</msg>
<status status="FAIL" starttime="20210920 17:56:47.081" endtime="20210920 17:56:50.856"/>
</kw>
<kw name="Maximize Browser Window" library="SeleniumLibrary">
<doc>Maximizes current browser window.</doc>
<status status="NOT RUN" starttime="20210920 17:56:50.856" endtime="20210920 17:56:50.856"/>
</kw>
<kw name="Sleep" library="BuiltIn">
<arg>10 seconds</arg>
<doc>Pauses the test executed for the given time.</doc>
<status status="NOT RUN" starttime="20210920 17:56:50.856" endtime="20210920 17:56:50.856"/>
</kw>
<kw name="Input Text" library="SeleniumLibrary">
<arg>id=txtUsername</arg>
<arg>${username}</arg>
<doc>Types the given ``text`` into the text field identified by ``locator``.</doc>
<status status="NOT RUN" starttime="20210920 17:56:50.856" endtime="20210920 17:56:50.856"/>
</kw>
<kw name="Input Text" library="SeleniumLibrary">
<arg>id=txtPassword</arg>
<arg>${password}</arg>
<doc>Types the given ``text`` into the text field identified by ``locator``.</doc>
<status status="NOT RUN" starttime="20210920 17:56:50.856" endtime="20210920 17:56:50.856"/>
</kw>
<kw name="Sleep" library="BuiltIn">
<arg>10 seconds</arg>
<doc>Pauses the test executed for the given time.</doc>
<status status="NOT RUN" starttime="20210920 17:56:50.856" endtime="20210920 17:56:50.856"/>
</kw>
<kw name="Click Button" library="SeleniumLibrary">
<arg>id=btnLogin</arg>
<doc>Clicks the button identified by ``locator``.</doc>
<status status="NOT RUN" starttime="20210920 17:56:50.856" endtime="20210920 17:56:50.856"/>
</kw>
<kw name="Sleep" library="BuiltIn">
<arg>10 seconds</arg>
<doc>Pauses the test executed for the given time.</doc>
<status status="NOT RUN" starttime="20210920 17:56:50.856" endtime="20210920 17:56:50.856"/>
</kw>
<kw name="Close Browser" library="SeleniumLibrary">
<doc>Closes the current browser.</doc>
<status status="NOT RUN" starttime="20210920 17:56:50.856" endtime="20210920 17:56:50.856"/>
</kw>
<status status="FAIL" starttime="20210920 17:56:47.081" endtime="20210920 17:56:50.856"/>
</iter>
<status status="FAIL" starttime="20210920 17:56:47.081" endtime="20210920 17:56:50.856"/>
</for>
<status status="FAIL" starttime="20210920 17:56:47.081" endtime="20210920 17:56:50.856"/>
</iter>
<status status="FAIL" starttime="20210920 17:56:47.081" endtime="20210920 17:56:50.856"/>
</for>
<status status="FAIL" starttime="20210920 17:56:47.081" endtime="20210920 17:56:50.856">SessionNotCreatedException: Message: session not created: This version of ChromeDriver only supports Chrome version 86
Current browser version is 93.0.4577.82 with binary path C:\Program Files (x86)\Google\Chrome\Application\chrome.exe
</status>
</test>
<kw name="Close Browser" library="SeleniumLibrary" type="TEARDOWN">
<doc>Closes the current browser.</doc>
<status status="PASS" starttime="20210920 17:56:50.856" endtime="20210920 17:56:50.856"/>
</kw>
<status status="FAIL" starttime="20210920 17:56:31.193" endtime="20210920 17:56:50.856"/>
</suite>
<status status="FAIL" starttime="20210920 17:56:31.115" endtime="20210920 17:56:50.871"/>
</suite>
<statistics>
<total>
<stat pass="0" fail="4" skip="0">All Tests</stat>
</total>
<tag>
</tag>
<suite>
<stat pass="0" fail="4" skip="0" id="s1" name="RobotDemo1">RobotDemo1</stat>
<stat pass="0" fail="4" skip="0" id="s1-s1" name="MyFirstTestSuite">RobotDemo1.MyFirstTestSuite</stat>
</suite>
</statistics>
<errors>
<msg timestamp="20210920 17:56:32.300" level="WARN">Imported library 'C:\Users\Shubham\PycharmProjects\RobotDemo1\Resources\JsonActions.py' contains no keywords.</msg>
</errors>
</robot>
