<?xml version="1.0" encoding="UTF-8"?>
<robot generator="Robot 4.1.1 (Python 3.9.4 on win32)" generated="20210920 13:58:39.171" rpa="false" schemaversion="2">
<suite id="s1" name="RobotDemo" source="H:\RobotDemo">
<suite id="s1-s1" name="MyFirstTestSuite" source="H:\RobotDemo\MyFirstTestSuite.robot">
<test id="s1-s1-t1" name="firstFile.robot">
<kw name="Log To Console" library="BuiltIn">
<arg>This is my first working test case</arg>
<doc>Logs the given message to the console.</doc>
<status status="PASS" starttime="20210920 13:58:39.689" endtime="20210920 13:58:39.690"/>
</kw>
<kw name="Open Browser" library="SeleniumLibrary">
<arg>${url}</arg>
<arg>Chrome</arg>
<doc>Opens a new browser instance to the optional ``url``.</doc>
<msg timestamp="20210920 13:58:39.692" level="INFO">Opening browser 'Chrome' to base url 'https://opensource-demo.orangehrmlive.com/'.</msg>
<status status="PASS" starttime="20210920 13:58:39.691" endtime="20210920 13:58:44.737"/>
</kw>
<kw name="Maximize Browser Window" library="SeleniumLibrary">
<doc>Maximizes current browser window.</doc>
<status status="PASS" starttime="20210920 13:58:44.738" endtime="20210920 13:58:44.869"/>
</kw>
<kw name="Sleep" library="BuiltIn">
<arg>10 seconds</arg>
<doc>Pauses the test executed for the given time.</doc>
<msg timestamp="20210920 13:58:54.872" level="INFO">Slept 10 seconds</msg>
<status status="PASS" starttime="20210920 13:58:44.870" endtime="20210920 13:58:54.873"/>
</kw>
<kw name="Close Browser" library="SeleniumLibrary">
<doc>Closes the current browser.</doc>
<status status="PASS" starttime="20210920 13:58:54.873" endtime="20210920 13:58:57.193"/>
</kw>
<kw name="Close Browser" library="SeleniumLibrary" type="TEARDOWN">
<doc>Closes the current browser.</doc>
<status status="PASS" starttime="20210920 13:58:57.193" endtime="20210920 13:58:57.193"/>
</kw>
<status status="PASS" starttime="20210920 13:58:39.688" endtime="20210920 13:58:57.193"/>
</test>
<test id="s1-s1-t2" name="SecondRobot">
<kw name="Log To Console" library="BuiltIn">
<arg>Starting Orange HRM website</arg>
<doc>Logs the given message to the console.</doc>
<status status="PASS" starttime="20210920 13:58:57.209" endtime="20210920 13:58:57.209"/>
</kw>
<kw name="Open Browser" library="SeleniumLibrary">
<arg>${url}</arg>
<arg>Chrome</arg>
<doc>Opens a new browser instance to the optional ``url``.</doc>
<msg timestamp="20210920 13:58:57.224" level="INFO">Opening browser 'Chrome' to base url 'https://opensource-demo.orangehrmlive.com/'.</msg>
<status status="PASS" starttime="20210920 13:58:57.224" endtime="20210920 13:59:02.650"/>
</kw>
<kw name="Maximize Browser Window" library="SeleniumLibrary">
<doc>Maximizes current browser window.</doc>
<status status="PASS" starttime="20210920 13:59:02.651" endtime="20210920 13:59:02.781"/>
</kw>
<kw name="Login" library="LoginResources">
<kw name="Input Text" library="SeleniumLibrary">
<arg>id:txtUsername</arg>
<arg>${credentials}[Username]</arg>
<doc>Types the given ``text`` into the text field identified by ``locator``.</doc>
<msg timestamp="20210920 13:59:02.781" level="FAIL">Dictionary '${credentials}' has no key 'Username'.</msg>
<status status="FAIL" starttime="20210920 13:59:02.781" endtime="20210920 13:59:02.781"/>
</kw>
<kw name="Input Password" library="SeleniumLibrary">
<arg>id:txtPassword</arg>
<arg>${password}[password]</arg>
<doc>Types the given password into the text field identified by ``locator``.</doc>
<status status="NOT RUN" starttime="20210920 13:59:02.781" endtime="20210920 13:59:02.781"/>
</kw>
<kw name="Sleep" library="BuiltIn">
<arg>10 seconds</arg>
<doc>Pauses the test executed for the given time.</doc>
<status status="NOT RUN" starttime="20210920 13:59:02.781" endtime="20210920 13:59:02.781"/>
</kw>
<kw name="Click Button" library="SeleniumLibrary">
<arg>id=btnLogin</arg>
<doc>Clicks the button identified by ``locator``.</doc>
<status status="NOT RUN" starttime="20210920 13:59:02.781" endtime="20210920 13:59:02.781"/>
</kw>
<kw name="Sleep" library="BuiltIn">
<arg>10 seconds</arg>
<doc>Pauses the test executed for the given time.</doc>
<status status="NOT RUN" starttime="20210920 13:59:02.781" endtime="20210920 13:59:02.781"/>
</kw>
<status status="FAIL" starttime="20210920 13:59:02.781" endtime="20210920 13:59:02.781"/>
</kw>
<kw name="Sleep" library="BuiltIn">
<arg>10 seconds</arg>
<doc>Pauses the test executed for the given time.</doc>
<status status="NOT RUN" starttime="20210920 13:59:02.781" endtime="20210920 13:59:02.781"/>
</kw>
<kw name="Log To Console" library="BuiltIn">
<arg>Title Should Be</arg>
<arg>OrangeHRM</arg>
<doc>Logs the given message to the console.</doc>
<status status="NOT RUN" starttime="20210920 13:59:02.781" endtime="20210920 13:59:02.781"/>
</kw>
<kw name="Close Browser" library="SeleniumLibrary">
<doc>Closes the current browser.</doc>
<status status="NOT RUN" starttime="20210920 13:59:02.796" endtime="20210920 13:59:02.796"/>
</kw>
<kw name="Close Browser" library="SeleniumLibrary" type="TEARDOWN">
<doc>Closes the current browser.</doc>
<status status="PASS" starttime="20210920 13:59:02.796" endtime="20210920 13:59:05.042"/>
</kw>
<status status="FAIL" starttime="20210920 13:58:57.193" endtime="20210920 13:59:05.043">Dictionary '${credentials}' has no key 'Username'.</status>
</test>
<test id="s1-s1-t3" name="ThirdRobot.robot">
<kw name="Log To Console" library="BuiltIn">
<arg>Started 3rd Test</arg>
<doc>Logs the given message to the console.</doc>
<status status="PASS" starttime="20210920 13:59:05.046" endtime="20210920 13:59:05.047"/>
</kw>
<kw name="Open Browser" library="SeleniumLibrary">
<arg>${url}</arg>
<arg>chrome</arg>
<doc>Opens a new browser instance to the optional ``url``.</doc>
<msg timestamp="20210920 13:59:05.048" level="INFO">Opening browser 'chrome' to base url 'https://opensource-demo.orangehrmlive.com/'.</msg>
<status status="PASS" starttime="20210920 13:59:05.047" endtime="20210920 13:59:09.803"/>
</kw>
<kw name="Login" library="LoginResources">
<kw name="Input Text" library="SeleniumLibrary">
<arg>id:txtUsername</arg>
<arg>${credentials}[Username]</arg>
<doc>Types the given ``text`` into the text field identified by ``locator``.</doc>
<msg timestamp="20210920 13:59:09.806" level="FAIL">Dictionary '${credentials}' has no key 'Username'.</msg>
<status status="FAIL" starttime="20210920 13:59:09.805" endtime="20210920 13:59:09.807"/>
</kw>
<kw name="Input Password" library="SeleniumLibrary">
<arg>id:txtPassword</arg>
<arg>${password}[password]</arg>
<doc>Types the given password into the text field identified by ``locator``.</doc>
<status status="NOT RUN" starttime="20210920 13:59:09.809" endtime="20210920 13:59:09.809"/>
</kw>
<kw name="Sleep" library="BuiltIn">
<arg>10 seconds</arg>
<doc>Pauses the test executed for the given time.</doc>
<status status="NOT RUN" starttime="20210920 13:59:09.811" endtime="20210920 13:59:09.811"/>
</kw>
<kw name="Click Button" library="SeleniumLibrary">
<arg>id=btnLogin</arg>
<doc>Clicks the button identified by ``locator``.</doc>
<status status="NOT RUN" starttime="20210920 13:59:09.811" endtime="20210920 13:59:09.811"/>
</kw>
<kw name="Sleep" library="BuiltIn">
<arg>10 seconds</arg>
<doc>Pauses the test executed for the given time.</doc>
<status status="NOT RUN" starttime="20210920 13:59:09.812" endtime="20210920 13:59:09.812"/>
</kw>
<status status="FAIL" starttime="20210920 13:59:09.804" endtime="20210920 13:59:09.814"/>
</kw>
<kw name="Maximize Browser Window" library="SeleniumLibrary">
<doc>Maximizes current browser window.</doc>
<status status="NOT RUN" starttime="20210920 13:59:09.815" endtime="20210920 13:59:09.816"/>
</kw>
<kw name="Sleep" library="BuiltIn">
<arg>10 seconds</arg>
<doc>Pauses the test executed for the given time.</doc>
<status status="NOT RUN" starttime="20210920 13:59:09.817" endtime="20210920 13:59:09.817"/>
</kw>
<kw name="Close Browser" library="SeleniumLibrary">
<doc>Closes the current browser.</doc>
<status status="NOT RUN" starttime="20210920 13:59:09.818" endtime="20210920 13:59:09.819"/>
</kw>
<kw name="Log To Console" library="BuiltIn">
<arg>3rd test Ran successfully and Logs file saved successfully</arg>
<doc>Logs the given message to the console.</doc>
<status status="NOT RUN" starttime="20210920 13:59:09.819" endtime="20210920 13:59:09.820"/>
</kw>
<kw name="Close Browser" library="SeleniumLibrary" type="TEARDOWN">
<doc>Closes the current browser.</doc>
<status status="PASS" starttime="20210920 13:59:09.820" endtime="20210920 13:59:12.039"/>
</kw>
<status status="FAIL" starttime="20210920 13:59:05.044" endtime="20210920 13:59:12.041">Dictionary '${credentials}' has no key 'Username'.</status>
</test>
<test id="s1-s1-t4" name="JsonData.robot">
<for flavor="IN">
<var>${username}</var>
<value>@{user}</value>
<iter>
<var name="${username}">access_key</var>
<for flavor="IN">
<var>${password}</var>
<value>@{password}</value>
<iter>
<var name="${password}">access_key</var>
<kw name="Log To Console" library="BuiltIn">
<arg>Testing Json robot Framework Demo with different usernames and password</arg>
<doc>Logs the given message to the console.</doc>
<status status="PASS" starttime="20210920 13:59:12.047" endtime="20210920 13:59:12.048"/>
</kw>
<kw name="Open Browser" library="SeleniumLibrary">
<arg>${url}</arg>
<arg>Chrome</arg>
<doc>Opens a new browser instance to the optional ``url``.</doc>
<msg timestamp="20210920 13:59:12.050" level="INFO">Opening browser 'Chrome' to base url 'https://opensource-demo.orangehrmlive.com/'.</msg>
<status status="PASS" starttime="20210920 13:59:12.049" endtime="20210920 13:59:17.269"/>
</kw>
<kw name="Maximize Browser Window" library="SeleniumLibrary">
<doc>Maximizes current browser window.</doc>
<status status="PASS" starttime="20210920 13:59:17.270" endtime="20210920 13:59:17.400"/>
</kw>
<kw name="Sleep" library="BuiltIn">
<arg>10 seconds</arg>
<doc>Pauses the test executed for the given time.</doc>
<msg timestamp="20210920 13:59:27.403" level="INFO">Slept 10 seconds</msg>
<status status="PASS" starttime="20210920 13:59:17.400" endtime="20210920 13:59:27.403"/>
</kw>
<kw name="Input Text" library="SeleniumLibrary">
<arg>id=txtUsername</arg>
<arg>${username}</arg>
<doc>Types the given ``text`` into the text field identified by ``locator``.</doc>
<status status="FAIL" starttime="20210920 13:59:27.403" endtime="20210920 13:59:27.403"/>
</kw>
<kw name="Input Text" library="SeleniumLibrary">
<arg>id=txtPassword</arg>
<arg>${password}</arg>
<doc>Types the given ``text`` into the text field identified by ``locator``.</doc>
<status status="NOT RUN" starttime="20210920 13:59:27.403" endtime="20210920 13:59:27.419"/>
</kw>
<kw name="Sleep" library="BuiltIn">
<arg>10 seconds</arg>
<doc>Pauses the test executed for the given time.</doc>
<status status="NOT RUN" starttime="20210920 13:59:27.419" endtime="20210920 13:59:27.420"/>
</kw>
<kw name="Click Button" library="SeleniumLibrary">
<arg>id=btnLogin</arg>
<doc>Clicks the button identified by ``locator``.</doc>
<status status="NOT RUN" starttime="20210920 13:59:27.421" endtime="20210920 13:59:27.421"/>
</kw>
<kw name="Sleep" library="BuiltIn">
<arg>10 seconds</arg>
<doc>Pauses the test executed for the given time.</doc>
<status status="NOT RUN" starttime="20210920 13:59:27.422" endtime="20210920 13:59:27.422"/>
</kw>
<kw name="Close Browser" library="SeleniumLibrary">
<doc>Closes the current browser.</doc>
<status status="NOT RUN" starttime="20210920 13:59:27.423" endtime="20210920 13:59:27.424"/>
</kw>
<status status="FAIL" starttime="20210920 13:59:12.047" endtime="20210920 13:59:27.425"/>
</iter>
<status status="FAIL" starttime="20210920 13:59:12.046" endtime="20210920 13:59:27.427"/>
</for>
<status status="FAIL" starttime="20210920 13:59:12.045" endtime="20210920 13:59:27.428"/>
</iter>
<status status="FAIL" starttime="20210920 13:59:12.044" endtime="20210920 13:59:27.429"/>
</for>
<kw name="Close Browser" library="SeleniumLibrary" type="TEARDOWN">
<doc>Closes the current browser.</doc>
<status status="PASS" starttime="20210920 13:59:27.430" endtime="20210920 13:59:29.610"/>
</kw>
<status status="FAIL" starttime="20210920 13:59:12.043" endtime="20210920 13:59:29.610">Execution terminated by signal</status>
</test>
<status status="FAIL" starttime="20210920 13:58:39.500" endtime="20210920 13:59:29.610"/>
</suite>
<status status="FAIL" starttime="20210920 13:58:39.214" endtime="20210920 13:59:29.610"/>
</suite>
<statistics>
<total>
<stat pass="1" fail="3" skip="0">All Tests</stat>
</total>
<tag>
</tag>
<suite>
<stat pass="1" fail="3" skip="0" id="s1" name="RobotDemo">RobotDemo</stat>
<stat pass="1" fail="3" skip="0" id="s1-s1" name="MyFirstTestSuite">RobotDemo.MyFirstTestSuite</stat>
</suite>
</statistics>
<errors>
<msg timestamp="20210920 13:58:39.686" level="ERROR">Error in file 'H:\RobotDemo\Resources\LoginResources.robot' on line 4: Importing library 'H:RobotDemoResourcesResourcesJsonActions.py.JsonOperations' failed: ModuleNotFoundError: No module named 'H:RobotDemoResourcesResourcesJsonActions'
Traceback (most recent call last):
  None
PYTHONPATH:
  C:\Python39\Scripts\robot.exe
  c:\python39\python39.zip
  c:\python39\DLLs
  c:\python39\lib
  c:\python39
  c:\python39\lib\site-packages
  c:\python39\lib\site-packages\pip-21.2.4-py3.9.egg
  c:\python39\lib\site-packages\win32
  c:\python39\lib\site-packages\win32\lib
  c:\python39\lib\site-packages\Pythonwin
  c:\python39\lib\site-packages\robotide\contrib\testrunner\../../lib</msg>
</errors>
</robot>
