==============================================================================
20210920 12:04:36.995 - INFO - + START SUITE: RobotDemo [ ]
==============================================================================
20210920 12:04:37.136 - INFO - +- START SUITE: RobotDemo.MyFirstTestSuite [ ]
==============================================================================
20210920 12:04:37.136 - INFO - +-- START TEST: JsonData.robot [ ]
------------------------------------------------------------------------------
20210920 12:04:37.136 - INFO - +--- START FOR: ${username} IN [ @{user} ] [ ]
20210920 12:04:37.136 - INFO - +---- START FOR ITERATION: ${username} = Get Value From Json [ ]
20210920 12:04:37.136 - INFO - +----- START FOR: ${password} IN [ @{password} ] [ ]
20210920 12:04:37.136 - INFO - +------ START FOR ITERATION: ${password} = Get Value From Json [ ]
20210920 12:04:37.136 - INFO - +------- START KEYWORD: BuiltIn.Log To Console [ Testing Json robot Framework Demo with different usernames and password ]
20210920 12:04:37.136 - INFO - +------- END KEYWORD: BuiltIn.Log To Console (0)
20210920 12:04:37.136 - INFO - +------- START KEYWORD: SeleniumLibrary.Open Browser [ ${url} | Chrome ]
20210920 12:04:37.142 - INFO - Opening browser 'Chrome' to base url 'Get Value From Json TestData/JsonData.json $..url'.
20210920 12:04:38.565 - DEBUG - Opened browser with session id 4762e596fbae0875960e98da4f8557ff but failed to open url 'Get Value From Json TestData/JsonData.json $..url'.
20210920 12:04:38.565 - INFO - +-------- START KEYWORD: SeleniumLibrary.Capture Page Screenshot [ ]
20210920 12:04:38.688 - INFO - </td></tr><tr><td colspan="3"><a href="selenium-screenshot-2.png"><img src="selenium-screenshot-2.png" width="800px"></a>
20210920 12:04:38.689 - INFO - +-------- END KEYWORD: SeleniumLibrary.Capture Page Screenshot (124)
20210920 12:04:38.696 - FAIL - InvalidArgumentException: Message: invalid argument
  (Session info: chrome=93.0.4577.82)
20210920 12:04:38.696 - DEBUG - Traceback (most recent call last):
  File "c:\python39\lib\site-packages\SeleniumLibrary\__init__.py", line 492, in run_keyword
    return DynamicCore.run_keyword(self, name, args, kwargs)
  File "c:\python39\lib\site-packages\robotlibcore.py", line 94, in run_keyword
    return self.keywords[name](*args, **(kwargs or {}))
  File "c:\python39\lib\site-packages\SeleniumLibrary\keywords\browsermanagement.py", line 293, in open_browser
    return self._make_new_browser(
  File "c:\python39\lib\site-packages\SeleniumLibrary\keywords\browsermanagement.py", line 337, in _make_new_browser
    driver.get(url)
  File "c:\python39\lib\site-packages\selenium\webdriver\remote\webdriver.py", line 333, in get
    self.execute(Command.GET, {'url': url})
  File "c:\python39\lib\site-packages\selenium\webdriver\remote\webdriver.py", line 321, in execute
    self.error_handler.check_response(response)
  File "c:\python39\lib\site-packages\selenium\webdriver\remote\errorhandler.py", line 242, in check_response
    raise exception_class(message, screen, stacktrace)
20210920 12:04:38.697 - INFO - +------- END KEYWORD: SeleniumLibrary.Open Browser (1560)
20210920 12:04:38.697 - INFO - +------- START KEYWORD: SeleniumLibrary.Maximize Browser Window [ ]
20210920 12:04:38.698 - INFO - +------- END KEYWORD: SeleniumLibrary.Maximize Browser Window (1)
20210920 12:04:38.699 - INFO - +------- START KEYWORD: BuiltIn.Sleep [ 10 seconds ]
20210920 12:04:38.699 - INFO - +------- END KEYWORD: BuiltIn.Sleep (1)
20210920 12:04:38.699 - INFO - +------- START KEYWORD: SeleniumLibrary.Input Text [ id=txtUsername | ${username} ]
20210920 12:04:38.700 - INFO - +------- END KEYWORD: SeleniumLibrary.Input Text (1)
20210920 12:04:38.700 - INFO - +------- START KEYWORD: SeleniumLibrary.Input Text [ id=txtPassword | ${password} ]
20210920 12:04:38.701 - INFO - +------- END KEYWORD: SeleniumLibrary.Input Text (1)
20210920 12:04:38.701 - INFO - +------- START KEYWORD: BuiltIn.Sleep [ 10 seconds ]
20210920 12:04:38.702 - INFO - +------- END KEYWORD: BuiltIn.Sleep (1)
20210920 12:04:38.702 - INFO - +------- START KEYWORD: SeleniumLibrary.Click Button [ id=btnLogin ]
20210920 12:04:38.703 - INFO - +------- END KEYWORD: SeleniumLibrary.Click Button (1)
20210920 12:04:38.703 - INFO - +------- START KEYWORD: BuiltIn.Sleep [ 10 seconds ]
20210920 12:04:38.704 - INFO - +------- END KEYWORD: BuiltIn.Sleep (1)
20210920 12:04:38.704 - INFO - +------- START KEYWORD: SeleniumLibrary.Close Browser [ ]
20210920 12:04:38.705 - INFO - +------- END KEYWORD: SeleniumLibrary.Close Browser (1)
20210920 12:04:38.706 - INFO - +------ END FOR ITERATION: ${password} = Get Value From Json (1569)
20210920 12:04:38.707 - INFO - +----- END FOR: ${password} IN [ @{password} ] (1570)
20210920 12:04:38.708 - INFO - +---- END FOR ITERATION: ${username} = Get Value From Json (1572)
20210920 12:04:38.709 - INFO - +--- END FOR: ${username} IN [ @{user} ] (1572)
------------------------------------------------------------------------------
20210920 12:04:38.710 - INFO - +-- END TEST: JsonData.robot (1573)
------------------------------------------------------------------------------
20210920 12:04:38.713 - INFO - +- END SUITE: RobotDemo.MyFirstTestSuite (1716)
==============================================================================
20210920 12:04:38.715 - INFO - + END SUITE: RobotDemo (1946)
==============================================================================
