==============================================================================
20210920 12:21:53.855 - INFO - + START SUITE: RobotDemo [ ]
==============================================================================
20210920 12:21:54.000 - INFO - +- START SUITE: RobotDemo.MyFirstTestSuite [ ]
==============================================================================
20210920 12:21:54.000 - INFO - +-- START TEST: firstFile.robot [ ]
------------------------------------------------------------------------------
20210920 12:21:54.000 - INFO - +--- START KEYWORD: BuiltIn.Log To Console [ This is my first working test case ]
20210920 12:21:54.000 - INFO - +--- END KEYWORD: BuiltIn.Log To Console (0)
~~~~~~~~~~~~~~~~~~~~~~~~~~~~~~~~~~~~~~~~~~~~~~~~~~~~~~~~~~~~~~~~~~~~~~~~~~~~~~
20210920 12:21:54.000 - INFO - +--- START KEYWORD: SeleniumLibrary.Open Browser [ ${url} | Chrome ]
20210920 12:21:54.000 - INFO - Opening browser 'Chrome' to base url 'Get Value From Json Load JSON From File TestData/JsonData.json json $..url'.
20210920 12:21:55.440 - DEBUG - Opened browser with session id 49d55dec40a7bdadcad57cf751ddf363 but failed to open url 'Get Value From Json Load JSON From File TestData/JsonData.json json $..url'.
20210920 12:21:55.440 - INFO - +---- START KEYWORD: SeleniumLibrary.Capture Page Screenshot [ ]
20210920 12:21:55.570 - INFO - </td></tr><tr><td colspan="3"><a href="selenium-screenshot-7.png"><img src="selenium-screenshot-7.png" width="800px"></a>
20210920 12:21:55.571 - INFO - +---- END KEYWORD: SeleniumLibrary.Capture Page Screenshot (131)
20210920 12:21:55.576 - FAIL - InvalidArgumentException: Message: invalid argument
  (Session info: chrome=93.0.4577.82)
20210920 12:21:55.577 - DEBUG - Traceback (most recent call last):
  File "c:\python39\lib\site-packages\SeleniumLibrary\__init__.py", line 492, in run_keyword
    return DynamicCore.run_keyword(self, name, args, kwargs)
  File "c:\python39\lib\site-packages\robotlibcore.py", line 94, in run_keyword
    return self.keywords[name](*args, **(kwargs or {}))
  File "c:\python39\lib\site-packages\SeleniumLibrary\keywords\browsermanagement.py", line 293, in open_browser
    return self._make_new_browser(
  File "c:\python39\lib\site-packages\SeleniumLibrary\keywords\browsermanagement.py", line 337, in _make_new_browser
    driver.get(url)
  File "c:\python39\lib\site-packages\selenium\webdriver\remote\webdriver.py", line 333, in get
    self.execute(Command.GET, {'url': url})
  File "c:\python39\lib\site-packages\selenium\webdriver\remote\webdriver.py", line 321, in execute
    self.error_handler.check_response(response)
  File "c:\python39\lib\site-packages\selenium\webdriver\remote\errorhandler.py", line 242, in check_response
    raise exception_class(message, screen, stacktrace)
20210920 12:21:55.578 - INFO - +--- END KEYWORD: SeleniumLibrary.Open Browser (1577)
~~~~~~~~~~~~~~~~~~~~~~~~~~~~~~~~~~~~~~~~~~~~~~~~~~~~~~~~~~~~~~~~~~~~~~~~~~~~~~
20210920 12:21:55.579 - INFO - +--- START KEYWORD: SeleniumLibrary.Maximize Browser Window [ ]
20210920 12:21:55.580 - INFO - +--- END KEYWORD: SeleniumLibrary.Maximize Browser Window (1)
~~~~~~~~~~~~~~~~~~~~~~~~~~~~~~~~~~~~~~~~~~~~~~~~~~~~~~~~~~~~~~~~~~~~~~~~~~~~~~
20210920 12:21:55.580 - INFO - +--- START KEYWORD: BuiltIn.Sleep [ 10 seconds ]
20210920 12:21:55.580 - INFO - +--- END KEYWORD: BuiltIn.Sleep (0)
~~~~~~~~~~~~~~~~~~~~~~~~~~~~~~~~~~~~~~~~~~~~~~~~~~~~~~~~~~~~~~~~~~~~~~~~~~~~~~
20210920 12:21:55.581 - INFO - +--- START KEYWORD: SeleniumLibrary.Close Browser [ ]
20210920 12:21:55.581 - INFO - +--- END KEYWORD: SeleniumLibrary.Close Browser (0)
------------------------------------------------------------------------------
20210920 12:21:55.582 - INFO - +-- END TEST: firstFile.robot (1582)
------------------------------------------------------------------------------
20210920 12:21:55.583 - INFO - +-- START TEST: SecondRobot [ ]
------------------------------------------------------------------------------
20210920 12:21:55.584 - INFO - +--- START KEYWORD: BuiltIn.Log To Console [ Starting Orange HRM website ]
20210920 12:21:55.585 - INFO - +--- END KEYWORD: BuiltIn.Log To Console (1)
~~~~~~~~~~~~~~~~~~~~~~~~~~~~~~~~~~~~~~~~~~~~~~~~~~~~~~~~~~~~~~~~~~~~~~~~~~~~~~
20210920 12:21:55.585 - INFO - +--- START KEYWORD: SeleniumLibrary.Open Browser [ ${url} | Chrome ]
20210920 12:21:55.586 - INFO - Opening browser 'Chrome' to base url 'Get Value From Json Load JSON From File TestData/JsonData.json json $..url'.
20210920 12:21:57.088 - DEBUG - Opened browser with session id f10f0ae6e291a489f346cd2925f0cb95 but failed to open url 'Get Value From Json Load JSON From File TestData/JsonData.json json $..url'.
20210920 12:21:57.089 - INFO - +---- START KEYWORD: SeleniumLibrary.Capture Page Screenshot [ ]
20210920 12:21:57.211 - INFO - </td></tr><tr><td colspan="3"><a href="selenium-screenshot-8.png"><img src="selenium-screenshot-8.png" width="800px"></a>
20210920 12:21:57.213 - INFO - +---- END KEYWORD: SeleniumLibrary.Capture Page Screenshot (124)
20210920 12:21:57.214 - FAIL - InvalidArgumentException: Message: invalid argument
  (Session info: chrome=93.0.4577.82)
20210920 12:21:57.215 - DEBUG - Traceback (most recent call last):
  File "c:\python39\lib\site-packages\SeleniumLibrary\__init__.py", line 492, in run_keyword
    return DynamicCore.run_keyword(self, name, args, kwargs)
  File "c:\python39\lib\site-packages\robotlibcore.py", line 94, in run_keyword
    return self.keywords[name](*args, **(kwargs or {}))
  File "c:\python39\lib\site-packages\SeleniumLibrary\keywords\browsermanagement.py", line 293, in open_browser
    return self._make_new_browser(
  File "c:\python39\lib\site-packages\SeleniumLibrary\keywords\browsermanagement.py", line 337, in _make_new_browser
    driver.get(url)
  File "c:\python39\lib\site-packages\selenium\webdriver\remote\webdriver.py", line 333, in get
    self.execute(Command.GET, {'url': url})
  File "c:\python39\lib\site-packages\selenium\webdriver\remote\webdriver.py", line 321, in execute
    self.error_handler.check_response(response)
  File "c:\python39\lib\site-packages\selenium\webdriver\remote\errorhandler.py", line 242, in check_response
    raise exception_class(message, screen, stacktrace)
20210920 12:21:57.216 - INFO - +--- END KEYWORD: SeleniumLibrary.Open Browser (1630)
~~~~~~~~~~~~~~~~~~~~~~~~~~~~~~~~~~~~~~~~~~~~~~~~~~~~~~~~~~~~~~~~~~~~~~~~~~~~~~
20210920 12:21:57.216 - INFO - +--- START KEYWORD: SeleniumLibrary.Maximize Browser Window [ ]
20210920 12:21:57.217 - INFO - +--- END KEYWORD: SeleniumLibrary.Maximize Browser Window (1)
~~~~~~~~~~~~~~~~~~~~~~~~~~~~~~~~~~~~~~~~~~~~~~~~~~~~~~~~~~~~~~~~~~~~~~~~~~~~~~
20210920 12:21:57.217 - INFO - +--- START KEYWORD: LoginResources.Login [ ]
20210920 12:21:57.218 - INFO - +--- END KEYWORD: LoginResources.Login (1)
~~~~~~~~~~~~~~~~~~~~~~~~~~~~~~~~~~~~~~~~~~~~~~~~~~~~~~~~~~~~~~~~~~~~~~~~~~~~~~
20210920 12:21:57.218 - INFO - +--- START KEYWORD: BuiltIn.Sleep [ 10 seconds ]
20210920 12:21:57.219 - INFO - +--- END KEYWORD: BuiltIn.Sleep (1)
~~~~~~~~~~~~~~~~~~~~~~~~~~~~~~~~~~~~~~~~~~~~~~~~~~~~~~~~~~~~~~~~~~~~~~~~~~~~~~
20210920 12:21:57.219 - INFO - +--- START KEYWORD: BuiltIn.Log To Console [ Title Should Be | OrangeHRM ]
20210920 12:21:57.220 - INFO - +--- END KEYWORD: BuiltIn.Log To Console (1)
~~~~~~~~~~~~~~~~~~~~~~~~~~~~~~~~~~~~~~~~~~~~~~~~~~~~~~~~~~~~~~~~~~~~~~~~~~~~~~
20210920 12:21:57.220 - INFO - +--- START KEYWORD: SeleniumLibrary.Close Browser [ ]
20210920 12:21:57.221 - INFO - +--- END KEYWORD: SeleniumLibrary.Close Browser (0)
------------------------------------------------------------------------------
20210920 12:21:57.222 - INFO - +-- END TEST: SecondRobot (1638)
------------------------------------------------------------------------------
20210920 12:21:57.222 - INFO - +-- START TEST: ThirdRobot.robot [ ]
------------------------------------------------------------------------------
20210920 12:21:57.223 - INFO - +--- START KEYWORD: BuiltIn.Log To Console [ Started 3rd Test ]
20210920 12:21:57.225 - INFO - +--- END KEYWORD: BuiltIn.Log To Console (1)
~~~~~~~~~~~~~~~~~~~~~~~~~~~~~~~~~~~~~~~~~~~~~~~~~~~~~~~~~~~~~~~~~~~~~~~~~~~~~~
20210920 12:21:57.225 - INFO - +--- START KEYWORD: SeleniumLibrary.Open Browser [ ${url} | chrome ]
20210920 12:21:57.226 - INFO - Opening browser 'chrome' to base url 'Get Value From Json Load JSON From File TestData/JsonData.json json $..url'.
20210920 12:21:58.822 - DEBUG - Opened browser with session id e0b7eb86b5b82ce3e7ae57c61e79540f but failed to open url 'Get Value From Json Load JSON From File TestData/JsonData.json json $..url'.
20210920 12:21:58.822 - INFO - +---- START KEYWORD: SeleniumLibrary.Capture Page Screenshot [ ]
20210920 12:21:58.979 - INFO - </td></tr><tr><td colspan="3"><a href="selenium-screenshot-9.png"><img src="selenium-screenshot-9.png" width="800px"></a>
20210920 12:21:58.979 - INFO - +---- END KEYWORD: SeleniumLibrary.Capture Page Screenshot (157)
20210920 12:21:58.979 - FAIL - InvalidArgumentException: Message: invalid argument
  (Session info: chrome=93.0.4577.82)
20210920 12:21:58.979 - DEBUG - Traceback (most recent call last):
  File "c:\python39\lib\site-packages\SeleniumLibrary\__init__.py", line 492, in run_keyword
    return DynamicCore.run_keyword(self, name, args, kwargs)
  File "c:\python39\lib\site-packages\robotlibcore.py", line 94, in run_keyword
    return self.keywords[name](*args, **(kwargs or {}))
  File "c:\python39\lib\site-packages\SeleniumLibrary\keywords\browsermanagement.py", line 293, in open_browser
    return self._make_new_browser(
  File "c:\python39\lib\site-packages\SeleniumLibrary\keywords\browsermanagement.py", line 337, in _make_new_browser
    driver.get(url)
  File "c:\python39\lib\site-packages\selenium\webdriver\remote\webdriver.py", line 333, in get
    self.execute(Command.GET, {'url': url})
  File "c:\python39\lib\site-packages\selenium\webdriver\remote\webdriver.py", line 321, in execute
    self.error_handler.check_response(response)
  File "c:\python39\lib\site-packages\selenium\webdriver\remote\errorhandler.py", line 242, in check_response
    raise exception_class(message, screen, stacktrace)
20210920 12:21:58.979 - INFO - +--- END KEYWORD: SeleniumLibrary.Open Browser (1754)
~~~~~~~~~~~~~~~~~~~~~~~~~~~~~~~~~~~~~~~~~~~~~~~~~~~~~~~~~~~~~~~~~~~~~~~~~~~~~~
20210920 12:21:58.979 - INFO - +--- START KEYWORD: LoginResources.Login [ ]
20210920 12:21:58.979 - INFO - +--- END KEYWORD: LoginResources.Login (0)
~~~~~~~~~~~~~~~~~~~~~~~~~~~~~~~~~~~~~~~~~~~~~~~~~~~~~~~~~~~~~~~~~~~~~~~~~~~~~~
20210920 12:21:58.979 - INFO - +--- START KEYWORD: SeleniumLibrary.Maximize Browser Window [ ]
20210920 12:21:58.979 - INFO - +--- END KEYWORD: SeleniumLibrary.Maximize Browser Window (0)
~~~~~~~~~~~~~~~~~~~~~~~~~~~~~~~~~~~~~~~~~~~~~~~~~~~~~~~~~~~~~~~~~~~~~~~~~~~~~~
20210920 12:21:58.979 - INFO - +--- START KEYWORD: BuiltIn.Sleep [ 10 seconds ]
20210920 12:21:58.979 - INFO - +--- END KEYWORD: BuiltIn.Sleep (0)
~~~~~~~~~~~~~~~~~~~~~~~~~~~~~~~~~~~~~~~~~~~~~~~~~~~~~~~~~~~~~~~~~~~~~~~~~~~~~~
20210920 12:21:58.979 - INFO - +--- START KEYWORD: SeleniumLibrary.Close Browser [ ]
20210920 12:21:58.992 - INFO - +--- END KEYWORD: SeleniumLibrary.Close Browser (0)
~~~~~~~~~~~~~~~~~~~~~~~~~~~~~~~~~~~~~~~~~~~~~~~~~~~~~~~~~~~~~~~~~~~~~~~~~~~~~~
20210920 12:21:58.992 - INFO - +--- START KEYWORD: BuiltIn.Log To Console [ 3rd test Ran successfully and Logs file saved successfully ]
20210920 12:21:58.993 - INFO - +--- END KEYWORD: BuiltIn.Log To Console (1)
------------------------------------------------------------------------------
20210920 12:21:58.995 - INFO - +-- END TEST: ThirdRobot.robot (1772)
------------------------------------------------------------------------------
20210920 12:21:58.995 - INFO - +-- START TEST: JsonData.robot [ ]
------------------------------------------------------------------------------
20210920 12:21:58.996 - INFO - +--- START FOR: ${username} IN [ @{user} ] [ ]
20210920 12:21:58.997 - INFO - +---- START FOR ITERATION: ${username} = Get Value From Json [ ]
20210920 12:21:58.998 - INFO - +----- START FOR: ${password} IN [ @{password} ] [ ]
20210920 12:21:58.998 - INFO - +------ START FOR ITERATION: ${password} = Get Value From Json [ ]
20210920 12:21:58.999 - INFO - +------- START KEYWORD: BuiltIn.Log To Console [ Testing Json robot Framework Demo with different usernames and password ]
20210920 12:21:59.001 - INFO - +------- END KEYWORD: BuiltIn.Log To Console (2)
20210920 12:21:59.002 - INFO - +------- START KEYWORD: SeleniumLibrary.Open Browser [ ${url} | Chrome ]
20210920 12:21:59.003 - INFO - Opening browser 'Chrome' to base url 'Get Value From Json Load JSON From File TestData/JsonData.json json $..url'.
20210920 12:22:00.780 - DEBUG - Opened browser with session id 6c9ae1ed8bd6e82e1432b8101403b5f4 but failed to open url 'Get Value From Json Load JSON From File TestData/JsonData.json json $..url'.
20210920 12:22:00.780 - INFO - +-------- START KEYWORD: SeleniumLibrary.Capture Page Screenshot [ ]
20210920 12:22:00.930 - INFO - </td></tr><tr><td colspan="3"><a href="selenium-screenshot-10.png"><img src="selenium-screenshot-10.png" width="800px"></a>
20210920 12:22:00.931 - INFO - +-------- END KEYWORD: SeleniumLibrary.Capture Page Screenshot (151)
20210920 12:22:00.933 - FAIL - InvalidArgumentException: Message: invalid argument
  (Session info: chrome=93.0.4577.82)
20210920 12:22:00.934 - DEBUG - Traceback (most recent call last):
  File "c:\python39\lib\site-packages\SeleniumLibrary\__init__.py", line 492, in run_keyword
    return DynamicCore.run_keyword(self, name, args, kwargs)
  File "c:\python39\lib\site-packages\robotlibcore.py", line 94, in run_keyword
    return self.keywords[name](*args, **(kwargs or {}))
  File "c:\python39\lib\site-packages\SeleniumLibrary\keywords\browsermanagement.py", line 293, in open_browser
    return self._make_new_browser(
  File "c:\python39\lib\site-packages\SeleniumLibrary\keywords\browsermanagement.py", line 337, in _make_new_browser
    driver.get(url)
  File "c:\python39\lib\site-packages\selenium\webdriver\remote\webdriver.py", line 333, in get
    self.execute(Command.GET, {'url': url})
  File "c:\python39\lib\site-packages\selenium\webdriver\remote\webdriver.py", line 321, in execute
    self.error_handler.check_response(response)
  File "c:\python39\lib\site-packages\selenium\webdriver\remote\errorhandler.py", line 242, in check_response
    raise exception_class(message, screen, stacktrace)
20210920 12:22:00.934 - INFO - +------- END KEYWORD: SeleniumLibrary.Open Browser (1932)
20210920 12:22:00.935 - INFO - +------- START KEYWORD: SeleniumLibrary.Maximize Browser Window [ ]
20210920 12:22:00.936 - INFO - +------- END KEYWORD: SeleniumLibrary.Maximize Browser Window (1)
20210920 12:22:00.936 - INFO - +------- START KEYWORD: BuiltIn.Sleep [ 10 seconds ]
20210920 12:22:00.937 - INFO - +------- END KEYWORD: BuiltIn.Sleep (1)
20210920 12:22:00.938 - INFO - +------- START KEYWORD: SeleniumLibrary.Input Text [ id=txtUsername | ${username} ]
20210920 12:22:00.939 - INFO - +------- END KEYWORD: SeleniumLibrary.Input Text (0)
20210920 12:22:00.939 - INFO - +------- START KEYWORD: SeleniumLibrary.Input Text [ id=txtPassword | ${password} ]
20210920 12:22:00.940 - INFO - +------- END KEYWORD: SeleniumLibrary.Input Text (0)
20210920 12:22:00.940 - INFO - +------- START KEYWORD: BuiltIn.Sleep [ 10 seconds ]
20210920 12:22:00.941 - INFO - +------- END KEYWORD: BuiltIn.Sleep (1)
20210920 12:22:00.942 - INFO - +------- START KEYWORD: SeleniumLibrary.Click Button [ id=btnLogin ]
20210920 12:22:00.943 - INFO - +------- END KEYWORD: SeleniumLibrary.Click Button (1)
20210920 12:22:00.943 - INFO - +------- START KEYWORD: BuiltIn.Sleep [ 10 seconds ]
20210920 12:22:00.944 - INFO - +------- END KEYWORD: BuiltIn.Sleep (1)
20210920 12:22:00.944 - INFO - +------- START KEYWORD: SeleniumLibrary.Close Browser [ ]
20210920 12:22:00.945 - INFO - +------- END KEYWORD: SeleniumLibrary.Close Browser (1)
20210920 12:22:00.945 - INFO - +------ END FOR ITERATION: ${password} = Get Value From Json (1947)
20210920 12:22:00.946 - INFO - +----- END FOR: ${password} IN [ @{password} ] (1949)
20210920 12:22:00.947 - INFO - +---- END FOR ITERATION: ${username} = Get Value From Json (1949)
20210920 12:22:00.948 - INFO - +--- END FOR: ${username} IN [ @{user} ] (1951)
------------------------------------------------------------------------------
20210920 12:22:00.949 - INFO - +-- END TEST: JsonData.robot (1953)
------------------------------------------------------------------------------
20210920 12:22:00.955 - INFO - +- END SUITE: RobotDemo.MyFirstTestSuite (7095)
==============================================================================
20210920 12:22:00.961 - INFO - + END SUITE: RobotDemo (7336)
==============================================================================
