<?xml version="1.0" encoding="UTF-8"?>
<robot generator="Robot 4.1.1 (Python 3.9.4 on win32)" generated="20210920 14:01:32.180" rpa="false" schemaversion="2">
<suite id="s1" name="RobotDemo" source="H:\RobotDemo">
<suite id="s1-s1" name="MyFirstTestSuite" source="H:\RobotDemo\MyFirstTestSuite.robot">
<test id="s1-s1-t1" name="firstFile.robot">
<kw name="Log To Console" library="BuiltIn">
<arg>This is my first working test case</arg>
<doc>Logs the given message to the console.</doc>
<status status="PASS" starttime="20210920 14:01:32.696" endtime="20210920 14:01:32.696"/>
</kw>
<kw name="Open Browser" library="SeleniumLibrary">
<arg>${url}</arg>
<arg>Chrome</arg>
<doc>Opens a new browser instance to the optional ``url``.</doc>
<msg timestamp="20210920 14:01:32.696" level="INFO">Opening browser 'Chrome' to base url 'https://opensource-demo.orangehrmlive.com/'.</msg>
<status status="PASS" starttime="20210920 14:01:32.696" endtime="20210920 14:01:52.733"/>
</kw>
<kw name="Maximize Browser Window" library="SeleniumLibrary">
<doc>Maximizes current browser window.</doc>
<status status="PASS" starttime="20210920 14:01:52.733" endtime="20210920 14:01:52.855"/>
</kw>
<kw name="Sleep" library="BuiltIn">
<arg>10 seconds</arg>
<doc>Pauses the test executed for the given time.</doc>
<msg timestamp="20210920 14:02:02.865" level="INFO">Slept 10 seconds</msg>
<status status="PASS" starttime="20210920 14:01:52.855" endtime="20210920 14:02:02.866"/>
</kw>
<kw name="Close Browser" library="SeleniumLibrary">
<doc>Closes the current browser.</doc>
<status status="PASS" starttime="20210920 14:02:02.867" endtime="20210920 14:02:05.186"/>
</kw>
<kw name="Close Browser" library="SeleniumLibrary" type="TEARDOWN">
<doc>Closes the current browser.</doc>
<status status="PASS" starttime="20210920 14:02:05.187" endtime="20210920 14:02:05.188"/>
</kw>
<status status="PASS" starttime="20210920 14:01:32.696" endtime="20210920 14:02:05.188"/>
</test>
<test id="s1-s1-t2" name="SecondRobot">
<kw name="Log To Console" library="BuiltIn">
<arg>Starting Orange HRM website</arg>
<doc>Logs the given message to the console.</doc>
<status status="PASS" starttime="20210920 14:02:05.191" endtime="20210920 14:02:05.192"/>
</kw>
<kw name="Open Browser" library="SeleniumLibrary">
<arg>${url}</arg>
<arg>Chrome</arg>
<doc>Opens a new browser instance to the optional ``url``.</doc>
<msg timestamp="20210920 14:02:05.194" level="INFO">Opening browser 'Chrome' to base url 'https://opensource-demo.orangehrmlive.com/'.</msg>
<status status="PASS" starttime="20210920 14:02:05.193" endtime="20210920 14:02:10.274"/>
</kw>
<kw name="Maximize Browser Window" library="SeleniumLibrary">
<doc>Maximizes current browser window.</doc>
<status status="PASS" starttime="20210920 14:02:10.275" endtime="20210920 14:02:10.405"/>
</kw>
<kw name="Login" library="LoginResources">
<kw name="Input Text" library="SeleniumLibrary">
<arg>id:txtUsername</arg>
<arg>${credentials}[Username]</arg>
<doc>Types the given ``text`` into the text field identified by ``locator``.</doc>
<msg timestamp="20210920 14:02:10.408" level="FAIL">Dictionary '${credentials}' has no key 'Username'.</msg>
<status status="FAIL" starttime="20210920 14:02:10.406" endtime="20210920 14:02:10.408"/>
</kw>
<kw name="Input Password" library="SeleniumLibrary">
<arg>id:txtPassword</arg>
<arg>${password}[password]</arg>
<doc>Types the given password into the text field identified by ``locator``.</doc>
<status status="NOT RUN" starttime="20210920 14:02:10.409" endtime="20210920 14:02:10.409"/>
</kw>
<kw name="Sleep" library="BuiltIn">
<arg>10 seconds</arg>
<doc>Pauses the test executed for the given time.</doc>
<status status="NOT RUN" starttime="20210920 14:02:10.410" endtime="20210920 14:02:10.410"/>
</kw>
<kw name="Click Button" library="SeleniumLibrary">
<arg>id=btnLogin</arg>
<doc>Clicks the button identified by ``locator``.</doc>
<status status="NOT RUN" starttime="20210920 14:02:10.411" endtime="20210920 14:02:10.411"/>
</kw>
<kw name="Sleep" library="BuiltIn">
<arg>10 seconds</arg>
<doc>Pauses the test executed for the given time.</doc>
<status status="NOT RUN" starttime="20210920 14:02:10.412" endtime="20210920 14:02:10.412"/>
</kw>
<status status="FAIL" starttime="20210920 14:02:10.405" endtime="20210920 14:02:10.413"/>
</kw>
<kw name="Sleep" library="BuiltIn">
<arg>10 seconds</arg>
<doc>Pauses the test executed for the given time.</doc>
<status status="NOT RUN" starttime="20210920 14:02:10.415" endtime="20210920 14:02:10.415"/>
</kw>
<kw name="Log To Console" library="BuiltIn">
<arg>Title Should Be</arg>
<arg>OrangeHRM</arg>
<doc>Logs the given message to the console.</doc>
<status status="NOT RUN" starttime="20210920 14:02:10.416" endtime="20210920 14:02:10.417"/>
</kw>
<kw name="Close Browser" library="SeleniumLibrary">
<doc>Closes the current browser.</doc>
<status status="NOT RUN" starttime="20210920 14:02:10.418" endtime="20210920 14:02:10.418"/>
</kw>
<kw name="Close Browser" library="SeleniumLibrary" type="TEARDOWN">
<doc>Closes the current browser.</doc>
<status status="PASS" starttime="20210920 14:02:10.420" endtime="20210920 14:02:12.680"/>
</kw>
<status status="FAIL" starttime="20210920 14:02:05.190" endtime="20210920 14:02:12.681">Dictionary '${credentials}' has no key 'Username'.</status>
</test>
<test id="s1-s1-t3" name="ThirdRobot.robot">
<kw name="Log To Console" library="BuiltIn">
<arg>Started 3rd Test</arg>
<doc>Logs the given message to the console.</doc>
<status status="PASS" starttime="20210920 14:02:12.684" endtime="20210920 14:02:12.686"/>
</kw>
<kw name="Open Browser" library="SeleniumLibrary">
<arg>${url}</arg>
<arg>chrome</arg>
<doc>Opens a new browser instance to the optional ``url``.</doc>
<msg timestamp="20210920 14:02:12.687" level="INFO">Opening browser 'chrome' to base url 'https://opensource-demo.orangehrmlive.com/'.</msg>
<status status="PASS" starttime="20210920 14:02:12.686" endtime="20210920 14:02:18.623"/>
</kw>
<kw name="Login" library="LoginResources">
<kw name="Input Text" library="SeleniumLibrary">
<arg>id:txtUsername</arg>
<arg>${credentials}[Username]</arg>
<doc>Types the given ``text`` into the text field identified by ``locator``.</doc>
<msg timestamp="20210920 14:02:18.626" level="FAIL">Dictionary '${credentials}' has no key 'Username'.</msg>
<status status="FAIL" starttime="20210920 14:02:18.624" endtime="20210920 14:02:18.626"/>
</kw>
<kw name="Input Password" library="SeleniumLibrary">
<arg>id:txtPassword</arg>
<arg>${password}[password]</arg>
<doc>Types the given password into the text field identified by ``locator``.</doc>
<status status="NOT RUN" starttime="20210920 14:02:18.628" endtime="20210920 14:02:18.629"/>
</kw>
<kw name="Sleep" library="BuiltIn">
<arg>10 seconds</arg>
<doc>Pauses the test executed for the given time.</doc>
<status status="NOT RUN" starttime="20210920 14:02:18.630" endtime="20210920 14:02:18.631"/>
</kw>
<kw name="Click Button" library="SeleniumLibrary">
<arg>id=btnLogin</arg>
<doc>Clicks the button identified by ``locator``.</doc>
<status status="NOT RUN" starttime="20210920 14:02:18.632" endtime="20210920 14:02:18.635"/>
</kw>
<kw name="Sleep" library="BuiltIn">
<arg>10 seconds</arg>
<doc>Pauses the test executed for the given time.</doc>
<status status="NOT RUN" starttime="20210920 14:02:18.636" endtime="20210920 14:02:18.637"/>
</kw>
<status status="FAIL" starttime="20210920 14:02:18.623" endtime="20210920 14:02:18.639"/>
</kw>
<kw name="Maximize Browser Window" library="SeleniumLibrary">
<doc>Maximizes current browser window.</doc>
<status status="NOT RUN" starttime="20210920 14:02:18.640" endtime="20210920 14:02:18.641"/>
</kw>
<kw name="Sleep" library="BuiltIn">
<arg>10 seconds</arg>
<doc>Pauses the test executed for the given time.</doc>
<status status="NOT RUN" starttime="20210920 14:02:18.642" endtime="20210920 14:02:18.642"/>
</kw>
<kw name="Close Browser" library="SeleniumLibrary">
<doc>Closes the current browser.</doc>
<status status="NOT RUN" starttime="20210920 14:02:18.643" endtime="20210920 14:02:18.644"/>
</kw>
<kw name="Log To Console" library="BuiltIn">
<arg>3rd test Ran successfully and Logs file saved successfully</arg>
<doc>Logs the given message to the console.</doc>
<status status="NOT RUN" starttime="20210920 14:02:18.644" endtime="20210920 14:02:18.645"/>
</kw>
<kw name="Close Browser" library="SeleniumLibrary" type="TEARDOWN">
<doc>Closes the current browser.</doc>
<status status="PASS" starttime="20210920 14:02:18.646" endtime="20210920 14:02:21.068"/>
</kw>
<status status="FAIL" starttime="20210920 14:02:12.682" endtime="20210920 14:02:21.068">Dictionary '${credentials}' has no key 'Username'.</status>
</test>
<test id="s1-s1-t4" name="JsonData.robot">
<for flavor="IN">
<var>${username}</var>
<value>@{user}</value>
<iter>
<var name="${username}">access_key</var>
<for flavor="IN">
<var>${password}</var>
<value>@{password}</value>
<iter>
<var name="${password}">access_key</var>
<kw name="Log To Console" library="BuiltIn">
<arg>Testing Json robot Framework Demo with different usernames and password</arg>
<doc>Logs the given message to the console.</doc>
<status status="PASS" starttime="20210920 14:02:21.068" endtime="20210920 14:02:21.068"/>
</kw>
<kw name="Open Browser" library="SeleniumLibrary">
<arg>${url}</arg>
<arg>Chrome</arg>
<doc>Opens a new browser instance to the optional ``url``.</doc>
<msg timestamp="20210920 14:02:21.083" level="INFO">Opening browser 'Chrome' to base url 'https://opensource-demo.orangehrmlive.com/'.</msg>
<status status="PASS" starttime="20210920 14:02:21.068" endtime="20210920 14:02:26.059"/>
</kw>
<kw name="Maximize Browser Window" library="SeleniumLibrary">
<doc>Maximizes current browser window.</doc>
<status status="PASS" starttime="20210920 14:02:26.060" endtime="20210920 14:02:26.182"/>
</kw>
<kw name="Sleep" library="BuiltIn">
<arg>10 seconds</arg>
<doc>Pauses the test executed for the given time.</doc>
<msg timestamp="20210920 14:02:36.184" level="INFO">Slept 10 seconds</msg>
<status status="PASS" starttime="20210920 14:02:26.182" endtime="20210920 14:02:36.184"/>
</kw>
<kw name="Input Text" library="SeleniumLibrary">
<arg>id=txtUsername</arg>
<arg>${username}</arg>
<doc>Types the given ``text`` into the text field identified by ``locator``.</doc>
<msg timestamp="20210920 14:02:36.184" level="INFO">Typing text 'access_key' into text field 'id=txtUsername'.</msg>
<status status="PASS" starttime="20210920 14:02:36.184" endtime="20210920 14:02:36.322"/>
</kw>
<kw name="Input Text" library="SeleniumLibrary">
<arg>id=txtPassword</arg>
<arg>${password}</arg>
<doc>Types the given ``text`` into the text field identified by ``locator``.</doc>
<msg timestamp="20210920 14:02:36.324" level="INFO">Typing text 'access_key' into text field 'id=txtPassword'.</msg>
<status status="PASS" starttime="20210920 14:02:36.323" endtime="20210920 14:02:36.451"/>
</kw>
<kw name="Sleep" library="BuiltIn">
<arg>10 seconds</arg>
<doc>Pauses the test executed for the given time.</doc>
<msg timestamp="20210920 14:02:46.457" level="INFO">Slept 10 seconds</msg>
<status status="PASS" starttime="20210920 14:02:36.452" endtime="20210920 14:02:46.457"/>
</kw>
<kw name="Click Button" library="SeleniumLibrary">
<arg>id=btnLogin</arg>
<doc>Clicks the button identified by ``locator``.</doc>
<msg timestamp="20210920 14:02:46.457" level="INFO">Clicking button 'id=btnLogin'.</msg>
<status status="PASS" starttime="20210920 14:02:46.457" endtime="20210920 14:02:47.429"/>
</kw>
<kw name="Sleep" library="BuiltIn">
<arg>10 seconds</arg>
<doc>Pauses the test executed for the given time.</doc>
<msg timestamp="20210920 14:02:57.436" level="INFO">Slept 10 seconds</msg>
<status status="PASS" starttime="20210920 14:02:47.430" endtime="20210920 14:02:57.436"/>
</kw>
<kw name="Close Browser" library="SeleniumLibrary">
<doc>Closes the current browser.</doc>
<status status="PASS" starttime="20210920 14:02:57.436" endtime="20210920 14:02:59.717"/>
</kw>
<status status="PASS" starttime="20210920 14:02:21.068" endtime="20210920 14:02:59.718"/>
</iter>
<iter>
<var name="${password}">password</var>
<kw name="Log To Console" library="BuiltIn">
<arg>Testing Json robot Framework Demo with different usernames and password</arg>
<doc>Logs the given message to the console.</doc>
<status status="PASS" starttime="20210920 14:02:59.718" endtime="20210920 14:02:59.719"/>
</kw>
<kw name="Open Browser" library="SeleniumLibrary">
<arg>${url}</arg>
<arg>Chrome</arg>
<doc>Opens a new browser instance to the optional ``url``.</doc>
<msg timestamp="20210920 14:02:59.720" level="INFO">Opening browser 'Chrome' to base url 'https://opensource-demo.orangehrmlive.com/'.</msg>
<status status="PASS" starttime="20210920 14:02:59.719" endtime="20210920 14:03:05.424"/>
</kw>
<kw name="Maximize Browser Window" library="SeleniumLibrary">
<doc>Maximizes current browser window.</doc>
<status status="PASS" starttime="20210920 14:03:05.425" endtime="20210920 14:03:05.562"/>
</kw>
<kw name="Sleep" library="BuiltIn">
<arg>10 seconds</arg>
<doc>Pauses the test executed for the given time.</doc>
<msg timestamp="20210920 14:03:15.563" level="INFO">Slept 10 seconds</msg>
<status status="PASS" starttime="20210920 14:03:05.563" endtime="20210920 14:03:15.563"/>
</kw>
<kw name="Input Text" library="SeleniumLibrary">
<arg>id=txtUsername</arg>
<arg>${username}</arg>
<doc>Types the given ``text`` into the text field identified by ``locator``.</doc>
<msg timestamp="20210920 14:03:15.563" level="INFO">Typing text 'access_key' into text field 'id=txtUsername'.</msg>
<status status="PASS" starttime="20210920 14:03:15.563" endtime="20210920 14:03:15.703"/>
</kw>
<kw name="Input Text" library="SeleniumLibrary">
<arg>id=txtPassword</arg>
<arg>${password}</arg>
<doc>Types the given ``text`` into the text field identified by ``locator``.</doc>
<msg timestamp="20210920 14:03:15.705" level="INFO">Typing text 'password' into text field 'id=txtPassword'.</msg>
<status status="PASS" starttime="20210920 14:03:15.704" endtime="20210920 14:03:15.794"/>
</kw>
<kw name="Sleep" library="BuiltIn">
<arg>10 seconds</arg>
<doc>Pauses the test executed for the given time.</doc>
<msg timestamp="20210920 14:03:25.820" level="INFO">Slept 10 seconds</msg>
<status status="PASS" starttime="20210920 14:03:15.794" endtime="20210920 14:03:25.820"/>
</kw>
<kw name="Click Button" library="SeleniumLibrary">
<arg>id=btnLogin</arg>
<doc>Clicks the button identified by ``locator``.</doc>
<msg timestamp="20210920 14:03:25.820" level="INFO">Clicking button 'id=btnLogin'.</msg>
<kw name="Capture Page Screenshot" library="SeleniumLibrary">
<doc>Takes a screenshot of the current page and embeds it into a log file.</doc>
<msg timestamp="20210920 14:03:50.167" level="FAIL">WebDriverException: Message: chrome not reachable
  (Session info: chrome=93.0.4577.82)
</msg>
<status status="FAIL" starttime="20210920 14:03:38.016" endtime="20210920 14:03:50.168"/>
</kw>
<msg timestamp="20210920 14:03:50.168" level="WARN">Keyword 'Capture Page Screenshot' could not be run on failure: WebDriverException: Message: chrome not reachable
  (Session info: chrome=93.0.4577.82)
</msg>
<msg timestamp="20210920 14:03:50.207" level="FAIL">WebDriverException: Message: chrome not reachable
  (Session info: chrome=93.0.4577.82)
</msg>
<status status="FAIL" starttime="20210920 14:03:25.820" endtime="20210920 14:03:50.208"/>
</kw>
<kw name="Sleep" library="BuiltIn">
<arg>10 seconds</arg>
<doc>Pauses the test executed for the given time.</doc>
<status status="NOT RUN" starttime="20210920 14:03:50.209" endtime="20210920 14:03:50.210"/>
</kw>
<kw name="Close Browser" library="SeleniumLibrary">
<doc>Closes the current browser.</doc>
<status status="NOT RUN" starttime="20210920 14:03:50.210" endtime="20210920 14:03:50.211"/>
</kw>
<status status="FAIL" starttime="20210920 14:02:59.718" endtime="20210920 14:03:50.211"/>
</iter>
<status status="FAIL" starttime="20210920 14:02:21.068" endtime="20210920 14:03:50.213"/>
</for>
<status status="FAIL" starttime="20210920 14:02:21.068" endtime="20210920 14:03:50.214"/>
</iter>
<status status="FAIL" starttime="20210920 14:02:21.068" endtime="20210920 14:03:50.216"/>
</for>
<kw name="Close Browser" library="SeleniumLibrary" type="TEARDOWN">
<doc>Closes the current browser.</doc>
<status status="PASS" starttime="20210920 14:03:50.217" endtime="20210920 14:03:52.445"/>
</kw>
<status status="FAIL" starttime="20210920 14:02:21.068" endtime="20210920 14:03:52.445">WebDriverException: Message: chrome not reachable
  (Session info: chrome=93.0.4577.82)
</status>
</test>
<status status="FAIL" starttime="20210920 14:01:32.509" endtime="20210920 14:03:52.445"/>
</suite>
<status status="FAIL" starttime="20210920 14:01:32.227" endtime="20210920 14:03:52.445"/>
</suite>
<statistics>
<total>
<stat pass="1" fail="3" skip="0">All Tests</stat>
</total>
<tag>
</tag>
<suite>
<stat pass="1" fail="3" skip="0" id="s1" name="RobotDemo">RobotDemo</stat>
<stat pass="1" fail="3" skip="0" id="s1-s1" name="MyFirstTestSuite">RobotDemo.MyFirstTestSuite</stat>
</suite>
</statistics>
<errors>
<msg timestamp="20210920 14:01:32.696" level="ERROR">Error in file 'H:\RobotDemo\Resources\LoginResources.robot' on line 4: Importing library '../Resources/JsonActions.py.JsonOperations' failed: ModuleNotFoundError: No module named '.'
Traceback (most recent call last):
  None
PYTHONPATH:
  C:\Python39\Scripts\robot.exe
  c:\python39\python39.zip
  c:\python39\DLLs
  c:\python39\lib
  c:\python39
  c:\python39\lib\site-packages
  c:\python39\lib\site-packages\pip-21.2.4-py3.9.egg
  c:\python39\lib\site-packages\win32
  c:\python39\lib\site-packages\win32\lib
  c:\python39\lib\site-packages\Pythonwin
  c:\python39\lib\site-packages\robotide\contrib\testrunner\../../lib</msg>
<msg timestamp="20210920 14:03:50.168" level="WARN">Keyword 'Capture Page Screenshot' could not be run on failure: WebDriverException: Message: chrome not reachable
  (Session info: chrome=93.0.4577.82)
</msg>
</errors>
</robot>
