<?xml version="1.0" encoding="UTF-8"?>
<robot generator="Robot 4.1.1 (Python 3.9.4 on win32)" generated="20210920 12:04:36.736" rpa="false" schemaversion="2">
<suite id="s1" name="RobotDemo" source="H:\RobotDemo">
<suite id="s1-s1" name="MyFirstTestSuite" source="H:\RobotDemo\MyFirstTestSuite.robot">
<test id="s1-s1-t1" name="JsonData.robot">
<for flavor="IN">
<var>${username}</var>
<value>@{user}</value>
<iter>
<var name="${username}">Get Value From Json</var>
<for flavor="IN">
<var>${password}</var>
<value>@{password}</value>
<iter>
<var name="${password}">Get Value From Json</var>
<kw name="Log To Console" library="BuiltIn">
<arg>Testing Json robot Framework Demo with different usernames and password</arg>
<doc>Logs the given message to the console.</doc>
<status status="PASS" starttime="20210920 12:04:37.136" endtime="20210920 12:04:37.136"/>
</kw>
<kw name="Open Browser" library="SeleniumLibrary">
<arg>${url}</arg>
<arg>Chrome</arg>
<doc>Opens a new browser instance to the optional ``url``.</doc>
<msg timestamp="20210920 12:04:37.142" level="INFO">Opening browser 'Chrome' to base url 'Get Value From Json TestData/JsonData.json $..url'.</msg>
<kw name="Capture Page Screenshot" library="SeleniumLibrary">
<doc>Takes a screenshot of the current page and embeds it into a log file.</doc>
<msg timestamp="20210920 12:04:38.688" level="INFO" html="true">&lt;/td&gt;&lt;/tr&gt;&lt;tr&gt;&lt;td colspan="3"&gt;&lt;a href="selenium-screenshot-2.png"&gt;&lt;img src="selenium-screenshot-2.png" width="800px"&gt;&lt;/a&gt;</msg>
<status status="PASS" starttime="20210920 12:04:38.565" endtime="20210920 12:04:38.689"/>
</kw>
<msg timestamp="20210920 12:04:38.696" level="FAIL">InvalidArgumentException: Message: invalid argument
  (Session info: chrome=93.0.4577.82)
</msg>
<status status="FAIL" starttime="20210920 12:04:37.136" endtime="20210920 12:04:38.696"/>
</kw>
<kw name="Maximize Browser Window" library="SeleniumLibrary">
<doc>Maximizes current browser window.</doc>
<status status="NOT RUN" starttime="20210920 12:04:38.697" endtime="20210920 12:04:38.698"/>
</kw>
<kw name="Sleep" library="BuiltIn">
<arg>10 seconds</arg>
<doc>Pauses the test executed for the given time.</doc>
<status status="NOT RUN" starttime="20210920 12:04:38.698" endtime="20210920 12:04:38.699"/>
</kw>
<kw name="Input Text" library="SeleniumLibrary">
<arg>id=txtUsername</arg>
<arg>${username}</arg>
<doc>Types the given ``text`` into the text field identified by ``locator``.</doc>
<status status="NOT RUN" starttime="20210920 12:04:38.699" endtime="20210920 12:04:38.700"/>
</kw>
<kw name="Input Text" library="SeleniumLibrary">
<arg>id=txtPassword</arg>
<arg>${password}</arg>
<doc>Types the given ``text`` into the text field identified by ``locator``.</doc>
<status status="NOT RUN" starttime="20210920 12:04:38.700" endtime="20210920 12:04:38.701"/>
</kw>
<kw name="Sleep" library="BuiltIn">
<arg>10 seconds</arg>
<doc>Pauses the test executed for the given time.</doc>
<status status="NOT RUN" starttime="20210920 12:04:38.701" endtime="20210920 12:04:38.702"/>
</kw>
<kw name="Click Button" library="SeleniumLibrary">
<arg>id=btnLogin</arg>
<doc>Clicks the button identified by ``locator``.</doc>
<status status="NOT RUN" starttime="20210920 12:04:38.702" endtime="20210920 12:04:38.703"/>
</kw>
<kw name="Sleep" library="BuiltIn">
<arg>10 seconds</arg>
<doc>Pauses the test executed for the given time.</doc>
<status status="NOT RUN" starttime="20210920 12:04:38.703" endtime="20210920 12:04:38.704"/>
</kw>
<kw name="Close Browser" library="SeleniumLibrary">
<doc>Closes the current browser.</doc>
<status status="NOT RUN" starttime="20210920 12:04:38.704" endtime="20210920 12:04:38.705"/>
</kw>
<status status="FAIL" starttime="20210920 12:04:37.136" endtime="20210920 12:04:38.705"/>
</iter>
<status status="FAIL" starttime="20210920 12:04:37.136" endtime="20210920 12:04:38.706"/>
</for>
<status status="FAIL" starttime="20210920 12:04:37.136" endtime="20210920 12:04:38.708"/>
</iter>
<status status="FAIL" starttime="20210920 12:04:37.136" endtime="20210920 12:04:38.708"/>
</for>
<status status="FAIL" starttime="20210920 12:04:37.136" endtime="20210920 12:04:38.709">InvalidArgumentException: Message: invalid argument
  (Session info: chrome=93.0.4577.82)
</status>
</test>
<status status="FAIL" starttime="20210920 12:04:36.995" endtime="20210920 12:04:38.711"/>
</suite>
<status status="FAIL" starttime="20210920 12:04:36.767" endtime="20210920 12:04:38.713"/>
</suite>
<statistics>
<total>
<stat pass="0" fail="1" skip="0">All Tests</stat>
</total>
<tag>
</tag>
<suite>
<stat pass="0" fail="1" skip="0" id="s1" name="RobotDemo">RobotDemo</stat>
<stat pass="0" fail="1" skip="0" id="s1-s1" name="MyFirstTestSuite">RobotDemo.MyFirstTestSuite</stat>
</suite>
</statistics>
<errors>
</errors>
</robot>
