==============================================================================
20210920 12:16:56.524 - INFO - + START SUITE: RobotDemo [ ]
==============================================================================
20210920 12:16:56.665 - INFO - +- START SUITE: RobotDemo.MyFirstTestSuite [ ]
==============================================================================
20210920 12:16:56.665 - INFO - +-- START TEST: JsonData.robot [ ]
------------------------------------------------------------------------------
20210920 12:16:56.665 - INFO - +--- START FOR: ${username} IN [ @{user} ] [ ]
20210920 12:16:56.665 - INFO - +---- START FOR ITERATION: ${username} = Get Value From Json [ ]
20210920 12:16:56.665 - INFO - +----- START FOR: ${password} IN [ @{password} ] [ ]
20210920 12:16:56.665 - INFO - +------ START FOR ITERATION: ${password} = Get Value From Json [ ]
20210920 12:16:56.665 - INFO - +------- START KEYWORD: BuiltIn.Log To Console [ Testing Json robot Framework Demo with different usernames and password ]
20210920 12:16:56.680 - INFO - +------- END KEYWORD: BuiltIn.Log To Console (15)
20210920 12:16:56.680 - INFO - +------- START KEYWORD: SeleniumLibrary.Open Browser [ ${url} | Chrome ]
20210920 12:16:56.681 - INFO - Opening browser 'Chrome' to base url 'Get Value From Json Load JSON From File TestData/JsonData.json json $..url'.
20210920 12:16:58.019 - DEBUG - Opened browser with session id 90af3ffcaf0946d909ac4834fdd68ec0 but failed to open url 'Get Value From Json Load JSON From File TestData/JsonData.json json $..url'.
20210920 12:16:58.019 - INFO - +-------- START KEYWORD: SeleniumLibrary.Capture Page Screenshot [ ]
20210920 12:16:58.138 - INFO - </td></tr><tr><td colspan="3"><a href="selenium-screenshot-5.png"><img src="selenium-screenshot-5.png" width="800px"></a>
20210920 12:16:58.138 - INFO - +-------- END KEYWORD: SeleniumLibrary.Capture Page Screenshot (119)
20210920 12:16:58.153 - FAIL - InvalidArgumentException: Message: invalid argument
  (Session info: chrome=93.0.4577.82)
20210920 12:16:58.153 - DEBUG - Traceback (most recent call last):
  File "c:\python39\lib\site-packages\SeleniumLibrary\__init__.py", line 492, in run_keyword
    return DynamicCore.run_keyword(self, name, args, kwargs)
  File "c:\python39\lib\site-packages\robotlibcore.py", line 94, in run_keyword
    return self.keywords[name](*args, **(kwargs or {}))
  File "c:\python39\lib\site-packages\SeleniumLibrary\keywords\browsermanagement.py", line 293, in open_browser
    return self._make_new_browser(
  File "c:\python39\lib\site-packages\SeleniumLibrary\keywords\browsermanagement.py", line 337, in _make_new_browser
    driver.get(url)
  File "c:\python39\lib\site-packages\selenium\webdriver\remote\webdriver.py", line 333, in get
    self.execute(Command.GET, {'url': url})
  File "c:\python39\lib\site-packages\selenium\webdriver\remote\webdriver.py", line 321, in execute
    self.error_handler.check_response(response)
  File "c:\python39\lib\site-packages\selenium\webdriver\remote\errorhandler.py", line 242, in check_response
    raise exception_class(message, screen, stacktrace)
20210920 12:16:58.153 - INFO - +------- END KEYWORD: SeleniumLibrary.Open Browser (1473)
20210920 12:16:58.155 - INFO - +------- START KEYWORD: SeleniumLibrary.Maximize Browser Window [ ]
20210920 12:16:58.157 - INFO - +------- END KEYWORD: SeleniumLibrary.Maximize Browser Window (2)
20210920 12:16:58.157 - INFO - +------- START KEYWORD: BuiltIn.Sleep [ 10 seconds ]
20210920 12:16:58.158 - INFO - +------- END KEYWORD: BuiltIn.Sleep (1)
20210920 12:16:58.159 - INFO - +------- START KEYWORD: SeleniumLibrary.Input Text [ id=txtUsername | ${username} ]
20210920 12:16:58.160 - INFO - +------- END KEYWORD: SeleniumLibrary.Input Text (1)
20210920 12:16:58.160 - INFO - +------- START KEYWORD: SeleniumLibrary.Input Text [ id=txtPassword | ${password} ]
20210920 12:16:58.161 - INFO - +------- END KEYWORD: SeleniumLibrary.Input Text (1)
20210920 12:16:58.161 - INFO - +------- START KEYWORD: BuiltIn.Sleep [ 10 seconds ]
20210920 12:16:58.162 - INFO - +------- END KEYWORD: BuiltIn.Sleep (1)
20210920 12:16:58.162 - INFO - +------- START KEYWORD: SeleniumLibrary.Click Button [ id=btnLogin ]
20210920 12:16:58.163 - INFO - +------- END KEYWORD: SeleniumLibrary.Click Button (0)
20210920 12:16:58.163 - INFO - +------- START KEYWORD: BuiltIn.Sleep [ 10 seconds ]
20210920 12:16:58.163 - INFO - +------- END KEYWORD: BuiltIn.Sleep (0)
20210920 12:16:58.163 - INFO - +------- START KEYWORD: SeleniumLibrary.Close Browser [ ]
20210920 12:16:58.164 - INFO - +------- END KEYWORD: SeleniumLibrary.Close Browser (1)
20210920 12:16:58.164 - INFO - +------ END FOR ITERATION: ${password} = Get Value From Json (1499)
20210920 12:16:58.165 - INFO - +----- END FOR: ${password} IN [ @{password} ] (1500)
20210920 12:16:58.166 - INFO - +---- END FOR ITERATION: ${username} = Get Value From Json (1500)
20210920 12:16:58.166 - INFO - +--- END FOR: ${username} IN [ @{user} ] (1501)
------------------------------------------------------------------------------
20210920 12:16:58.168 - INFO - +-- END TEST: JsonData.robot (1502)
------------------------------------------------------------------------------
20210920 12:16:58.172 - INFO - +- END SUITE: RobotDemo.MyFirstTestSuite (1644)
==============================================================================
20210920 12:16:58.176 - INFO - + END SUITE: RobotDemo (1868)
==============================================================================
