<?xml version="1.0" encoding="UTF-8"?>
<robot generator="Robot 4.1.1 (Python 3.9.4 on win32)" generated="20210920 12:21:53.589" rpa="false" schemaversion="2">
<suite id="s1" name="RobotDemo" source="H:\RobotDemo">
<suite id="s1-s1" name="MyFirstTestSuite" source="H:\RobotDemo\MyFirstTestSuite.robot">
<test id="s1-s1-t1" name="firstFile.robot">
<kw name="Log To Console" library="BuiltIn">
<arg>This is my first working test case</arg>
<doc>Logs the given message to the console.</doc>
<status status="PASS" starttime="20210920 12:21:54.000" endtime="20210920 12:21:54.000"/>
</kw>
<kw name="Open Browser" library="SeleniumLibrary">
<arg>${url}</arg>
<arg>Chrome</arg>
<doc>Opens a new browser instance to the optional ``url``.</doc>
<msg timestamp="20210920 12:21:54.000" level="INFO">Opening browser 'Chrome' to base url 'Get Value From Json Load JSON From File TestData/JsonData.json json $..url'.</msg>
<kw name="Capture Page Screenshot" library="SeleniumLibrary">
<doc>Takes a screenshot of the current page and embeds it into a log file.</doc>
<msg timestamp="20210920 12:21:55.570" level="INFO" html="true">&lt;/td&gt;&lt;/tr&gt;&lt;tr&gt;&lt;td colspan="3"&gt;&lt;a href="selenium-screenshot-7.png"&gt;&lt;img src="selenium-screenshot-7.png" width="800px"&gt;&lt;/a&gt;</msg>
<status status="PASS" starttime="20210920 12:21:55.440" endtime="20210920 12:21:55.571"/>
</kw>
<msg timestamp="20210920 12:21:55.576" level="FAIL">InvalidArgumentException: Message: invalid argument
  (Session info: chrome=93.0.4577.82)
</msg>
<status status="FAIL" starttime="20210920 12:21:54.000" endtime="20210920 12:21:55.577"/>
</kw>
<kw name="Maximize Browser Window" library="SeleniumLibrary">
<doc>Maximizes current browser window.</doc>
<status status="NOT RUN" starttime="20210920 12:21:55.578" endtime="20210920 12:21:55.579"/>
</kw>
<kw name="Sleep" library="BuiltIn">
<arg>10 seconds</arg>
<doc>Pauses the test executed for the given time.</doc>
<status status="NOT RUN" starttime="20210920 12:21:55.580" endtime="20210920 12:21:55.580"/>
</kw>
<kw name="Close Browser" library="SeleniumLibrary">
<doc>Closes the current browser.</doc>
<status status="NOT RUN" starttime="20210920 12:21:55.581" endtime="20210920 12:21:55.581"/>
</kw>
<status status="FAIL" starttime="20210920 12:21:54.000" endtime="20210920 12:21:55.582">InvalidArgumentException: Message: invalid argument
  (Session info: chrome=93.0.4577.82)
</status>
</test>
<test id="s1-s1-t2" name="SecondRobot">
<kw name="Log To Console" library="BuiltIn">
<arg>Starting Orange HRM website</arg>
<doc>Logs the given message to the console.</doc>
<status status="PASS" starttime="20210920 12:21:55.584" endtime="20210920 12:21:55.585"/>
</kw>
<kw name="Open Browser" library="SeleniumLibrary">
<arg>${url}</arg>
<arg>Chrome</arg>
<doc>Opens a new browser instance to the optional ``url``.</doc>
<msg timestamp="20210920 12:21:55.586" level="INFO">Opening browser 'Chrome' to base url 'Get Value From Json Load JSON From File TestData/JsonData.json json $..url'.</msg>
<kw name="Capture Page Screenshot" library="SeleniumLibrary">
<doc>Takes a screenshot of the current page and embeds it into a log file.</doc>
<msg timestamp="20210920 12:21:57.211" level="INFO" html="true">&lt;/td&gt;&lt;/tr&gt;&lt;tr&gt;&lt;td colspan="3"&gt;&lt;a href="selenium-screenshot-8.png"&gt;&lt;img src="selenium-screenshot-8.png" width="800px"&gt;&lt;/a&gt;</msg>
<status status="PASS" starttime="20210920 12:21:57.089" endtime="20210920 12:21:57.213"/>
</kw>
<msg timestamp="20210920 12:21:57.214" level="FAIL">InvalidArgumentException: Message: invalid argument
  (Session info: chrome=93.0.4577.82)
</msg>
<status status="FAIL" starttime="20210920 12:21:55.585" endtime="20210920 12:21:57.215"/>
</kw>
<kw name="Maximize Browser Window" library="SeleniumLibrary">
<doc>Maximizes current browser window.</doc>
<status status="NOT RUN" starttime="20210920 12:21:57.216" endtime="20210920 12:21:57.217"/>
</kw>
<kw name="Login" library="LoginResources">
<status status="NOT RUN" starttime="20210920 12:21:57.217" endtime="20210920 12:21:57.218"/>
</kw>
<kw name="Sleep" library="BuiltIn">
<arg>10 seconds</arg>
<doc>Pauses the test executed for the given time.</doc>
<status status="NOT RUN" starttime="20210920 12:21:57.218" endtime="20210920 12:21:57.219"/>
</kw>
<kw name="Log To Console" library="BuiltIn">
<arg>Title Should Be</arg>
<arg>OrangeHRM</arg>
<doc>Logs the given message to the console.</doc>
<status status="NOT RUN" starttime="20210920 12:21:57.219" endtime="20210920 12:21:57.220"/>
</kw>
<kw name="Close Browser" library="SeleniumLibrary">
<doc>Closes the current browser.</doc>
<status status="NOT RUN" starttime="20210920 12:21:57.220" endtime="20210920 12:21:57.220"/>
</kw>
<status status="FAIL" starttime="20210920 12:21:55.583" endtime="20210920 12:21:57.221">InvalidArgumentException: Message: invalid argument
  (Session info: chrome=93.0.4577.82)
</status>
</test>
<test id="s1-s1-t3" name="ThirdRobot.robot">
<kw name="Log To Console" library="BuiltIn">
<arg>Started 3rd Test</arg>
<doc>Logs the given message to the console.</doc>
<status status="PASS" starttime="20210920 12:21:57.223" endtime="20210920 12:21:57.224"/>
</kw>
<kw name="Open Browser" library="SeleniumLibrary">
<arg>${url}</arg>
<arg>chrome</arg>
<doc>Opens a new browser instance to the optional ``url``.</doc>
<msg timestamp="20210920 12:21:57.226" level="INFO">Opening browser 'chrome' to base url 'Get Value From Json Load JSON From File TestData/JsonData.json json $..url'.</msg>
<kw name="Capture Page Screenshot" library="SeleniumLibrary">
<doc>Takes a screenshot of the current page and embeds it into a log file.</doc>
<msg timestamp="20210920 12:21:58.979" level="INFO" html="true">&lt;/td&gt;&lt;/tr&gt;&lt;tr&gt;&lt;td colspan="3"&gt;&lt;a href="selenium-screenshot-9.png"&gt;&lt;img src="selenium-screenshot-9.png" width="800px"&gt;&lt;/a&gt;</msg>
<status status="PASS" starttime="20210920 12:21:58.822" endtime="20210920 12:21:58.979"/>
</kw>
<msg timestamp="20210920 12:21:58.979" level="FAIL">InvalidArgumentException: Message: invalid argument
  (Session info: chrome=93.0.4577.82)
</msg>
<status status="FAIL" starttime="20210920 12:21:57.225" endtime="20210920 12:21:58.979"/>
</kw>
<kw name="Login" library="LoginResources">
<status status="NOT RUN" starttime="20210920 12:21:58.979" endtime="20210920 12:21:58.979"/>
</kw>
<kw name="Maximize Browser Window" library="SeleniumLibrary">
<doc>Maximizes current browser window.</doc>
<status status="NOT RUN" starttime="20210920 12:21:58.979" endtime="20210920 12:21:58.979"/>
</kw>
<kw name="Sleep" library="BuiltIn">
<arg>10 seconds</arg>
<doc>Pauses the test executed for the given time.</doc>
<status status="NOT RUN" starttime="20210920 12:21:58.979" endtime="20210920 12:21:58.979"/>
</kw>
<kw name="Close Browser" library="SeleniumLibrary">
<doc>Closes the current browser.</doc>
<status status="NOT RUN" starttime="20210920 12:21:58.979" endtime="20210920 12:21:58.979"/>
</kw>
<kw name="Log To Console" library="BuiltIn">
<arg>3rd test Ran successfully and Logs file saved successfully</arg>
<doc>Logs the given message to the console.</doc>
<status status="NOT RUN" starttime="20210920 12:21:58.992" endtime="20210920 12:21:58.993"/>
</kw>
<status status="FAIL" starttime="20210920 12:21:57.222" endtime="20210920 12:21:58.994">InvalidArgumentException: Message: invalid argument
  (Session info: chrome=93.0.4577.82)
</status>
</test>
<test id="s1-s1-t4" name="JsonData.robot">
<for flavor="IN">
<var>${username}</var>
<value>@{user}</value>
<iter>
<var name="${username}">Get Value From Json</var>
<for flavor="IN">
<var>${password}</var>
<value>@{password}</value>
<iter>
<var name="${password}">Get Value From Json</var>
<kw name="Log To Console" library="BuiltIn">
<arg>Testing Json robot Framework Demo with different usernames and password</arg>
<doc>Logs the given message to the console.</doc>
<status status="PASS" starttime="20210920 12:21:58.999" endtime="20210920 12:21:59.001"/>
</kw>
<kw name="Open Browser" library="SeleniumLibrary">
<arg>${url}</arg>
<arg>Chrome</arg>
<doc>Opens a new browser instance to the optional ``url``.</doc>
<msg timestamp="20210920 12:21:59.003" level="INFO">Opening browser 'Chrome' to base url 'Get Value From Json Load JSON From File TestData/JsonData.json json $..url'.</msg>
<kw name="Capture Page Screenshot" library="SeleniumLibrary">
<doc>Takes a screenshot of the current page and embeds it into a log file.</doc>
<msg timestamp="20210920 12:22:00.930" level="INFO" html="true">&lt;/td&gt;&lt;/tr&gt;&lt;tr&gt;&lt;td colspan="3"&gt;&lt;a href="selenium-screenshot-10.png"&gt;&lt;img src="selenium-screenshot-10.png" width="800px"&gt;&lt;/a&gt;</msg>
<status status="PASS" starttime="20210920 12:22:00.780" endtime="20210920 12:22:00.931"/>
</kw>
<msg timestamp="20210920 12:22:00.933" level="FAIL">InvalidArgumentException: Message: invalid argument
  (Session info: chrome=93.0.4577.82)
</msg>
<status status="FAIL" starttime="20210920 12:21:59.002" endtime="20210920 12:22:00.934"/>
</kw>
<kw name="Maximize Browser Window" library="SeleniumLibrary">
<doc>Maximizes current browser window.</doc>
<status status="NOT RUN" starttime="20210920 12:22:00.935" endtime="20210920 12:22:00.936"/>
</kw>
<kw name="Sleep" library="BuiltIn">
<arg>10 seconds</arg>
<doc>Pauses the test executed for the given time.</doc>
<status status="NOT RUN" starttime="20210920 12:22:00.936" endtime="20210920 12:22:00.937"/>
</kw>
<kw name="Input Text" library="SeleniumLibrary">
<arg>id=txtUsername</arg>
<arg>${username}</arg>
<doc>Types the given ``text`` into the text field identified by ``locator``.</doc>
<status status="NOT RUN" starttime="20210920 12:22:00.938" endtime="20210920 12:22:00.938"/>
</kw>
<kw name="Input Text" library="SeleniumLibrary">
<arg>id=txtPassword</arg>
<arg>${password}</arg>
<doc>Types the given ``text`` into the text field identified by ``locator``.</doc>
<status status="NOT RUN" starttime="20210920 12:22:00.939" endtime="20210920 12:22:00.939"/>
</kw>
<kw name="Sleep" library="BuiltIn">
<arg>10 seconds</arg>
<doc>Pauses the test executed for the given time.</doc>
<status status="NOT RUN" starttime="20210920 12:22:00.940" endtime="20210920 12:22:00.941"/>
</kw>
<kw name="Click Button" library="SeleniumLibrary">
<arg>id=btnLogin</arg>
<doc>Clicks the button identified by ``locator``.</doc>
<status status="NOT RUN" starttime="20210920 12:22:00.942" endtime="20210920 12:22:00.943"/>
</kw>
<kw name="Sleep" library="BuiltIn">
<arg>10 seconds</arg>
<doc>Pauses the test executed for the given time.</doc>
<status status="NOT RUN" starttime="20210920 12:22:00.943" endtime="20210920 12:22:00.944"/>
</kw>
<kw name="Close Browser" library="SeleniumLibrary">
<doc>Closes the current browser.</doc>
<status status="NOT RUN" starttime="20210920 12:22:00.944" endtime="20210920 12:22:00.945"/>
</kw>
<status status="FAIL" starttime="20210920 12:21:58.998" endtime="20210920 12:22:00.945"/>
</iter>
<status status="FAIL" starttime="20210920 12:21:58.997" endtime="20210920 12:22:00.946"/>
</for>
<status status="FAIL" starttime="20210920 12:21:58.997" endtime="20210920 12:22:00.946"/>
</iter>
<status status="FAIL" starttime="20210920 12:21:58.996" endtime="20210920 12:22:00.947"/>
</for>
<status status="FAIL" starttime="20210920 12:21:58.995" endtime="20210920 12:22:00.948">InvalidArgumentException: Message: invalid argument
  (Session info: chrome=93.0.4577.82)
</status>
</test>
<status status="FAIL" starttime="20210920 12:21:53.855" endtime="20210920 12:22:00.950"/>
</suite>
<status status="FAIL" starttime="20210920 12:21:53.620" endtime="20210920 12:22:00.956"/>
</suite>
<statistics>
<total>
<stat pass="0" fail="4" skip="0">All Tests</stat>
</total>
<tag>
</tag>
<suite>
<stat pass="0" fail="4" skip="0" id="s1" name="RobotDemo">RobotDemo</stat>
<stat pass="0" fail="4" skip="0" id="s1-s1" name="MyFirstTestSuite">RobotDemo.MyFirstTestSuite</stat>
</suite>
</statistics>
<errors>
</errors>
</robot>
